6.2394 	INFO 	Loaded monitor calibration from ['2020_10_12 15:01']
7.0051 	EXP 	Created window1 = Window(allowGUI=False, allowStencil=False, args=UNKNOWN, autoLog=True, bitsMode=UNKNOWN, blendMode='avg', color=array([0., 0., 0.]), colorSpace='rgb', fullscr=<method-wrapper '__getattribute__' of attributeSetter object at 0x7fe4cb642fd0>, gamma=None, gammaErrorPolicy='raise', kwargs=UNKNOWN, lms=UNKNOWN, monitor=<psychopy.monitors.calibTools.Monitor object at 0x7fe4cb400748>, multiSample=False, name='window1', numSamples=2, pos=[360.0, 225.0], screen=0, size=array([2880, 1800]), stereo=False, units='height', useFBO=True, useRetina=True, viewOri=0.0, viewPos=None, viewScale=None, waitBlanking=True, winType='pyglet')
7.0051 	EXP 	window1: recordFrameIntervals = False
7.1710 	EXP 	window1: recordFrameIntervals = True
7.3544 	DEBUG 	Screen (0) actual frame rate measured at 59.92
7.3545 	EXP 	window1: recordFrameIntervals = False
9.2443 	EXP 	Created start_up = TextStim(__class__=<class 'psychopy.visual.text.TextStim'>, alignHoriz='center', alignVert='center', antialias=True, autoLog=True, bold=False, color='white', colorSpace='named', contrast=1.0, depth=0.0, flipHoriz=False, flipVert=False, font='Arial', fontFiles=[], height=0.03, italic=False, languageStyle='LTR', name='start_up', opacity=1.0, ori=0, pos=array([0.7, 0. ]), rgb=array([255., 255., 255.]), text='Please wait while images load…', units='height', win=Window(...), wrapWidth=1)
9.2487 	EXP 	Created loading_msg = TextStim(__class__=<class 'psychopy.visual.text.TextStim'>, alignHoriz='center', alignVert='center', antialias=True, autoLog=True, bold=False, color='white', colorSpace='named', contrast=1.0, depth=0.0, flipHoriz=False, flipVert=False, font='Arial', fontFiles=[], height=0.03, italic=False, languageStyle='LTR', name='loading_msg', opacity=1.0, ori=0, pos=array([0.65, 0.  ]), rgb=array([255., 255., 255.]), text='default text', units='height', win=Window(...), wrapWidth=1)
9.6333 	EXP 	Created instructions_msg = TextStim(__class__=<class 'psychopy.visual.text.TextStim'>, alignHoriz='center', alignVert='center', antialias=True, autoLog=True, bold=False, color='white', colorSpace='named', contrast=1.0, depth=0.0, flipHoriz=False, flipVert=False, font='Arial', fontFiles=[], height=0.03, italic=False, languageStyle='LTR', name='instructions_msg', opacity=1.0, ori=0, pos=array([0.5, 0. ]), rgb=array([255., 255., 255.]), text=str(...), units='height', win=Window(...), wrapWidth=1)
9.9811 	EXP 	Created page_num = TextStim(__class__=<class 'psychopy.visual.text.TextStim'>, alignHoriz='center', alignVert='center', antialias=True, autoLog=True, bold=False, color='white', colorSpace='named', contrast=1.0, depth=-2.0, flipHoriz=False, flipVert=False, font='Arial', fontFiles=[], height=0.5, italic=False, languageStyle='LTR', name='page_num', opacity=1.0, ori=0, pos=array([ 34., -12.]), rgb=array([255., 255., 255.]), text='default text', units='deg', win=Window(...), wrapWidth=15.0)
9.9859 	EXP 	Created thank_you = TextStim(__class__=<class 'psychopy.visual.text.TextStim'>, alignHoriz='center', alignVert='center', antialias=True, autoLog=True, bold=False, color='white', colorSpace='named', contrast=1.0, depth=0.0, flipHoriz=False, flipVert=False, font='Arial', fontFiles=[], height=0.03, italic=False, languageStyle='LTR', name='thank_you', opacity=1.0, ori=0, pos=array([0.7, 0. ]), rgb=array([255., 255., 255.]), text='Thank you for your time. :)', units='height', win=Window(...), wrapWidth=1)
10.0047 	EXP 	start_up: autoDraw = True
11.3838 	EXP 	Created unnamed ImageStim = ImageStim(__class__=<class 'psychopy.visual.image.ImageStim'>, autoLog=True, color=array([1., 1., 1.]), colorSpace='rgb', contrast=1.0, depth=0, flipHoriz=False, flipVert=False, image='./animal_images/duck.png', interpolate=False, mask=None, maskParams=None, name='unnamed ImageStim', opacity=1.0, ori=0.0, pos=array([0., 0.]), size=array([115., 115.]), texRes=128, units='pix', win=Window(...))
12.4156 	EXP 	Created unnamed ImageStim = ImageStim(__class__=<class 'psychopy.visual.image.ImageStim'>, autoLog=True, color=array([1., 1., 1.]), colorSpace='rgb', contrast=1.0, depth=0, flipHoriz=False, flipVert=False, image='./animal_images/dog.png', interpolate=False, mask=None, maskParams=None, name='unnamed ImageStim', opacity=1.0, ori=0.0, pos=array([0., 0.]), size=array([115., 115.]), texRes=128, units='pix', win=Window(...))
13.2635 	EXP 	Created unnamed ImageStim = ImageStim(__class__=<class 'psychopy.visual.image.ImageStim'>, autoLog=True, color=array([1., 1., 1.]), colorSpace='rgb', contrast=1.0, depth=0, flipHoriz=False, flipVert=False, image='./animal_images/horse.png', interpolate=False, mask=None, maskParams=None, name='unnamed ImageStim', opacity=1.0, ori=0.0, pos=array([0., 0.]), size=array([115., 115.]), texRes=128, units='pix', win=Window(...))
13.8158 	EXP 	Created unnamed ImageStim = ImageStim(__class__=<class 'psychopy.visual.image.ImageStim'>, autoLog=True, color=array([1., 1., 1.]), colorSpace='rgb', contrast=1.0, depth=0, flipHoriz=False, flipVert=False, image='./animal_images/whale.png', interpolate=False, mask=None, maskParams=None, name='unnamed ImageStim', opacity=1.0, ori=0.0, pos=array([0., 0.]), size=array([115., 115.]), texRes=128, units='pix', win=Window(...))
14.4790 	EXP 	Created unnamed ImageStim = ImageStim(__class__=<class 'psychopy.visual.image.ImageStim'>, autoLog=True, color=array([1., 1., 1.]), colorSpace='rgb', contrast=1.0, depth=0, flipHoriz=False, flipVert=False, image='./animal_images/turtle.png', interpolate=False, mask=None, maskParams=None, name='unnamed ImageStim', opacity=1.0, ori=0.0, pos=array([0., 0.]), size=array([115., 115.]), texRes=128, units='pix', win=Window(...))
15.0938 	EXP 	Created unnamed ImageStim = ImageStim(__class__=<class 'psychopy.visual.image.ImageStim'>, autoLog=True, color=array([1., 1., 1.]), colorSpace='rgb', contrast=1.0, depth=0, flipHoriz=False, flipVert=False, image='./animal_images/spider.png', interpolate=False, mask=None, maskParams=None, name='unnamed ImageStim', opacity=1.0, ori=0.0, pos=array([0., 0.]), size=array([115., 115.]), texRes=128, units='pix', win=Window(...))
16.0639 	EXP 	Created unnamed ImageStim = ImageStim(__class__=<class 'psychopy.visual.image.ImageStim'>, autoLog=True, color=array([1., 1., 1.]), colorSpace='rgb', contrast=1.0, depth=0, flipHoriz=False, flipVert=False, image='./animal_images/elephant.png', interpolate=False, mask=None, maskParams=None, name='unnamed ImageStim', opacity=1.0, ori=0.0, pos=array([0., 0.]), size=array([115., 115.]), texRes=128, units='pix', win=Window(...))
16.8477 	EXP 	Created unnamed ImageStim = ImageStim(__class__=<class 'psychopy.visual.image.ImageStim'>, autoLog=True, color=array([1., 1., 1.]), colorSpace='rgb', contrast=1.0, depth=0, flipHoriz=False, flipVert=False, image='./animal_images/dolphin.png', interpolate=False, mask=None, maskParams=None, name='unnamed ImageStim', opacity=1.0, ori=0.0, pos=array([0., 0.]), size=array([115., 115.]), texRes=128, units='pix', win=Window(...))
17.6124 	EXP 	Created unnamed ImageStim = ImageStim(__class__=<class 'psychopy.visual.image.ImageStim'>, autoLog=True, color=array([1., 1., 1.]), colorSpace='rgb', contrast=1.0, depth=0, flipHoriz=False, flipVert=False, image='./animal_images/eagle.png', interpolate=False, mask=None, maskParams=None, name='unnamed ImageStim', opacity=1.0, ori=0.0, pos=array([0., 0.]), size=array([115., 115.]), texRes=128, units='pix', win=Window(...))
18.4400 	EXP 	Created unnamed ImageStim = ImageStim(__class__=<class 'psychopy.visual.image.ImageStim'>, autoLog=True, color=array([1., 1., 1.]), colorSpace='rgb', contrast=1.0, depth=0, flipHoriz=False, flipVert=False, image='./animal_images/turkey.png', interpolate=False, mask=None, maskParams=None, name='unnamed ImageStim', opacity=1.0, ori=0.0, pos=array([0., 0.]), size=array([115., 115.]), texRes=128, units='pix', win=Window(...))
19.2777 	EXP 	Created unnamed ImageStim = ImageStim(__class__=<class 'psychopy.visual.image.ImageStim'>, autoLog=True, color=array([1., 1., 1.]), colorSpace='rgb', contrast=1.0, depth=0, flipHoriz=False, flipVert=False, image='./animal_images/rat.png', interpolate=False, mask=None, maskParams=None, name='unnamed ImageStim', opacity=1.0, ori=0.0, pos=array([0., 0.]), size=array([115., 115.]), texRes=128, units='pix', win=Window(...))
20.3692 	EXP 	Created unnamed ImageStim = ImageStim(__class__=<class 'psychopy.visual.image.ImageStim'>, autoLog=True, color=array([1., 1., 1.]), colorSpace='rgb', contrast=1.0, depth=0, flipHoriz=False, flipVert=False, image='./animal_images/tiger.png', interpolate=False, mask=None, maskParams=None, name='unnamed ImageStim', opacity=1.0, ori=0.0, pos=array([0., 0.]), size=array([115., 115.]), texRes=128, units='pix', win=Window(...))
21.2357 	EXP 	Created unnamed ImageStim = ImageStim(__class__=<class 'psychopy.visual.image.ImageStim'>, autoLog=True, color=array([1., 1., 1.]), colorSpace='rgb', contrast=1.0, depth=0, flipHoriz=False, flipVert=False, image='./animal_images/sheep.png', interpolate=False, mask=None, maskParams=None, name='unnamed ImageStim', opacity=1.0, ori=0.0, pos=array([0., 0.]), size=array([115., 115.]), texRes=128, units='pix', win=Window(...))
21.9328 	EXP 	Created unnamed ImageStim = ImageStim(__class__=<class 'psychopy.visual.image.ImageStim'>, autoLog=True, color=array([1., 1., 1.]), colorSpace='rgb', contrast=1.0, depth=0, flipHoriz=False, flipVert=False, image='./animal_images/shark.png', interpolate=False, mask=None, maskParams=None, name='unnamed ImageStim', opacity=1.0, ori=0.0, pos=array([0., 0.]), size=array([115., 115.]), texRes=128, units='pix', win=Window(...))
22.8106 	EXP 	Created unnamed ImageStim = ImageStim(__class__=<class 'psychopy.visual.image.ImageStim'>, autoLog=True, color=array([1., 1., 1.]), colorSpace='rgb', contrast=1.0, depth=0, flipHoriz=False, flipVert=False, image='./animal_images/cow.png', interpolate=False, mask=None, maskParams=None, name='unnamed ImageStim', opacity=1.0, ori=0.0, pos=array([0., 0.]), size=array([115., 115.]), texRes=128, units='pix', win=Window(...))
23.7244 	EXP 	Created unnamed ImageStim = ImageStim(__class__=<class 'psychopy.visual.image.ImageStim'>, autoLog=True, color=array([1., 1., 1.]), colorSpace='rgb', contrast=1.0, depth=0, flipHoriz=False, flipVert=False, image='./animal_images/butterfly.png', interpolate=False, mask=None, maskParams=None, name='unnamed ImageStim', opacity=1.0, ori=0.0, pos=array([0., 0.]), size=array([115., 115.]), texRes=128, units='pix', win=Window(...))
24.3972 	EXP 	Created unnamed ImageStim = ImageStim(__class__=<class 'psychopy.visual.image.ImageStim'>, autoLog=True, color=array([1., 1., 1.]), colorSpace='rgb', contrast=1.0, depth=0, flipHoriz=False, flipVert=False, image='./animal_images/ant.png', interpolate=False, mask=None, maskParams=None, name='unnamed ImageStim', opacity=1.0, ori=0.0, pos=array([0., 0.]), size=array([115., 115.]), texRes=128, units='pix', win=Window(...))
25.3664 	EXP 	Created unnamed ImageStim = ImageStim(__class__=<class 'psychopy.visual.image.ImageStim'>, autoLog=True, color=array([1., 1., 1.]), colorSpace='rgb', contrast=1.0, depth=0, flipHoriz=False, flipVert=False, image='./animal_images/owl.png', interpolate=False, mask=None, maskParams=None, name='unnamed ImageStim', opacity=1.0, ori=0.0, pos=array([0., 0.]), size=array([115., 115.]), texRes=128, units='pix', win=Window(...))
26.0901 	EXP 	Created unnamed ImageStim = ImageStim(__class__=<class 'psychopy.visual.image.ImageStim'>, autoLog=True, color=array([1., 1., 1.]), colorSpace='rgb', contrast=1.0, depth=0, flipHoriz=False, flipVert=False, image='./animal_images/ladybug.png', interpolate=False, mask=None, maskParams=None, name='unnamed ImageStim', opacity=1.0, ori=0.0, pos=array([0., 0.]), size=array([115., 115.]), texRes=128, units='pix', win=Window(...))
26.9415 	EXP 	Created unnamed ImageStim = ImageStim(__class__=<class 'psychopy.visual.image.ImageStim'>, autoLog=True, color=array([1., 1., 1.]), colorSpace='rgb', contrast=1.0, depth=0, flipHoriz=False, flipVert=False, image='./animal_images/goldfish.png', interpolate=False, mask=None, maskParams=None, name='unnamed ImageStim', opacity=1.0, ori=0.0, pos=array([0., 0.]), size=array([115., 115.]), texRes=128, units='pix', win=Window(...))
27.4920 	EXP 	Created unnamed ImageStim = ImageStim(__class__=<class 'psychopy.visual.image.ImageStim'>, autoLog=True, color=array([1., 1., 1.]), colorSpace='rgb', contrast=1.0, depth=0, flipHoriz=False, flipVert=False, image='./animal_images/mouse.png', interpolate=False, mask=None, maskParams=None, name='unnamed ImageStim', opacity=1.0, ori=0.0, pos=array([0., 0.]), size=array([115., 115.]), texRes=128, units='pix', win=Window(...))
28.2563 	EXP 	Created unnamed ImageStim = ImageStim(__class__=<class 'psychopy.visual.image.ImageStim'>, autoLog=True, color=array([1., 1., 1.]), colorSpace='rgb', contrast=1.0, depth=0, flipHoriz=False, flipVert=False, image='./animal_images/sparrow.png', interpolate=False, mask=None, maskParams=None, name='unnamed ImageStim', opacity=1.0, ori=0.0, pos=array([0., 0.]), size=array([115., 115.]), texRes=128, units='pix', win=Window(...))
29.2127 	EXP 	Created unnamed ImageStim = ImageStim(__class__=<class 'psychopy.visual.image.ImageStim'>, autoLog=True, color=array([1., 1., 1.]), colorSpace='rgb', contrast=1.0, depth=0, flipHoriz=False, flipVert=False, image='./animal_images/cat.png', interpolate=False, mask=None, maskParams=None, name='unnamed ImageStim', opacity=1.0, ori=0.0, pos=array([0., 0.]), size=array([115., 115.]), texRes=128, units='pix', win=Window(...))
29.9827 	EXP 	Created unnamed ImageStim = ImageStim(__class__=<class 'psychopy.visual.image.ImageStim'>, autoLog=True, color=array([1., 1., 1.]), colorSpace='rgb', contrast=1.0, depth=0, flipHoriz=False, flipVert=False, image='./animal_images/frog.png', interpolate=False, mask=None, maskParams=None, name='unnamed ImageStim', opacity=1.0, ori=0.0, pos=array([0., 0.]), size=array([115., 115.]), texRes=128, units='pix', win=Window(...))
30.7699 	EXP 	Created unnamed ImageStim = ImageStim(__class__=<class 'psychopy.visual.image.ImageStim'>, autoLog=True, color=array([1., 1., 1.]), colorSpace='rgb', contrast=1.0, depth=0, flipHoriz=False, flipVert=False, image='./animal_images/lizard.png', interpolate=False, mask=None, maskParams=None, name='unnamed ImageStim', opacity=1.0, ori=0.0, pos=array([0., 0.]), size=array([115., 115.]), texRes=128, units='pix', win=Window(...))
31.6928 	EXP 	Created unnamed ImageStim = ImageStim(__class__=<class 'psychopy.visual.image.ImageStim'>, autoLog=True, color=array([1., 1., 1.]), colorSpace='rgb', contrast=1.0, depth=0, flipHoriz=False, flipVert=False, image='./animal_images/pigeon.png', interpolate=False, mask=None, maskParams=None, name='unnamed ImageStim', opacity=1.0, ori=0.0, pos=array([0., 0.]), size=array([115., 115.]), texRes=128, units='pix', win=Window(...))
32.4964 	EXP 	Created unnamed ImageStim = ImageStim(__class__=<class 'psychopy.visual.image.ImageStim'>, autoLog=True, color=array([1., 1., 1.]), colorSpace='rgb', contrast=1.0, depth=0, flipHoriz=False, flipVert=False, image='./animal_images/bluebird.png', interpolate=False, mask=None, maskParams=None, name='unnamed ImageStim', opacity=1.0, ori=0.0, pos=array([0., 0.]), size=array([115., 115.]), texRes=128, units='pix', win=Window(...))
33.4730 	EXP 	Created unnamed ImageStim = ImageStim(__class__=<class 'psychopy.visual.image.ImageStim'>, autoLog=True, color=array([1., 1., 1.]), colorSpace='rgb', contrast=1.0, depth=0, flipHoriz=False, flipVert=False, image='./animal_images/monkey.png', interpolate=False, mask=None, maskParams=None, name='unnamed ImageStim', opacity=1.0, ori=0.0, pos=array([0., 0.]), size=array([115., 115.]), texRes=128, units='pix', win=Window(...))
34.2637 	EXP 	Created unnamed ImageStim = ImageStim(__class__=<class 'psychopy.visual.image.ImageStim'>, autoLog=True, color=array([1., 1., 1.]), colorSpace='rgb', contrast=1.0, depth=0, flipHoriz=False, flipVert=False, image='./animal_images/bat.png', interpolate=False, mask=None, maskParams=None, name='unnamed ImageStim', opacity=1.0, ori=0.0, pos=array([0., 0.]), size=array([115., 115.]), texRes=128, units='pix', win=Window(...))
35.0426 	EXP 	Created unnamed ImageStim = ImageStim(__class__=<class 'psychopy.visual.image.ImageStim'>, autoLog=True, color=array([1., 1., 1.]), colorSpace='rgb', contrast=1.0, depth=0, flipHoriz=False, flipVert=False, image='./animal_images/giraffe.png', interpolate=False, mask=None, maskParams=None, name='unnamed ImageStim', opacity=1.0, ori=0.0, pos=array([0., 0.]), size=array([115., 115.]), texRes=128, units='pix', win=Window(...))
35.9126 	EXP 	Created unnamed ImageStim = ImageStim(__class__=<class 'psychopy.visual.image.ImageStim'>, autoLog=True, color=array([1., 1., 1.]), colorSpace='rgb', contrast=1.0, depth=0, flipHoriz=False, flipVert=False, image='./animal_images/fox.png', interpolate=False, mask=None, maskParams=None, name='unnamed ImageStim', opacity=1.0, ori=0.0, pos=array([0., 0.]), size=array([115., 115.]), texRes=128, units='pix', win=Window(...))
36.9346 	EXP 	Created unnamed ImageStim = ImageStim(__class__=<class 'psychopy.visual.image.ImageStim'>, autoLog=True, color=array([1., 1., 1.]), colorSpace='rgb', contrast=1.0, depth=0, flipHoriz=False, flipVert=False, image='./animal_images/snake.png', interpolate=False, mask=None, maskParams=None, name='unnamed ImageStim', opacity=1.0, ori=0.0, pos=array([0., 0.]), size=array([115., 115.]), texRes=128, units='pix', win=Window(...))
37.8630 	EXP 	Created unnamed ImageStim = ImageStim(__class__=<class 'psychopy.visual.image.ImageStim'>, autoLog=True, color=array([1., 1., 1.]), colorSpace='rgb', contrast=1.0, depth=0, flipHoriz=False, flipVert=False, image='./animal_images/bear.png', interpolate=False, mask=None, maskParams=None, name='unnamed ImageStim', opacity=1.0, ori=0.0, pos=array([0., 0.]), size=array([115., 115.]), texRes=128, units='pix', win=Window(...))
38.7986 	EXP 	Created unnamed ImageStim = ImageStim(__class__=<class 'psychopy.visual.image.ImageStim'>, autoLog=True, color=array([1., 1., 1.]), colorSpace='rgb', contrast=1.0, depth=0, flipHoriz=False, flipVert=False, image='./animal_images/goat.png', interpolate=False, mask=None, maskParams=None, name='unnamed ImageStim', opacity=1.0, ori=0.0, pos=array([0., 0.]), size=array([115., 115.]), texRes=128, units='pix', win=Window(...))
39.4681 	EXP 	Created unnamed ImageStim = ImageStim(__class__=<class 'psychopy.visual.image.ImageStim'>, autoLog=True, color=array([1., 1., 1.]), colorSpace='rgb', contrast=1.0, depth=0, flipHoriz=False, flipVert=False, image='./animal_images/snail.png', interpolate=False, mask=None, maskParams=None, name='unnamed ImageStim', opacity=1.0, ori=0.0, pos=array([0., 0.]), size=array([115., 115.]), texRes=128, units='pix', win=Window(...))
40.1994 	EXP 	Created unnamed ImageStim = ImageStim(__class__=<class 'psychopy.visual.image.ImageStim'>, autoLog=True, color=array([1., 1., 1.]), colorSpace='rgb', contrast=1.0, depth=0, flipHoriz=False, flipVert=False, image='./animal_images/hog.png', interpolate=False, mask=None, maskParams=None, name='unnamed ImageStim', opacity=1.0, ori=0.0, pos=array([0., 0.]), size=array([115., 115.]), texRes=128, units='pix', win=Window(...))
40.9841 	EXP 	Created unnamed ImageStim = ImageStim(__class__=<class 'psychopy.visual.image.ImageStim'>, autoLog=True, color=array([1., 1., 1.]), colorSpace='rgb', contrast=1.0, depth=0, flipHoriz=False, flipVert=False, image='./animal_images/crocodile.png', interpolate=False, mask=None, maskParams=None, name='unnamed ImageStim', opacity=1.0, ori=0.0, pos=array([0., 0.]), size=array([115., 115.]), texRes=128, units='pix', win=Window(...))
41.0095 	EXP 	start_up: autoDraw = False
41.0095 	EXP 	loading_msg: autoDraw = True
61.6266 	DATA 	Keypress: space
61.6377 	EXP 	loading_msg: autoDraw = False
61.6377 	EXP 	instructions_msg: autoDraw = True
66.4445 	DEBUG 	Read csv file with pandas: conditions.csv
66.4495 	DEBUG 	Clearing unnamed columns from conditions.csv
66.4592 	EXP 	Imported conditions.csv as conditions, 111 conditions, 9 params
66.4598 	EXP 	Created sequence: sequential, trialTypes=111, nReps=1, seed=None
66.4601 	EXP 	New trial (rep=0, index=0): OrderedDict([('ref', 'duck'), ('stim1', 'dolphin'), ('stim2', 'cat'), ('stim3', 'monkey'), ('stim4', 'goat'), ('stim5', 'snail'), ('stim6', 'elephant'), ('stim7', 'fox'), ('stim8', 'rat')])
66.7504 	DATA 	Keypress: space
67.6591 	EXP 	instructions_msg: autoDraw = False
67.6591 	EXP 	unnamed ImageStim: pos = (0, 0)
67.6591 	EXP 	ref: name = 'ref'
67.6591 	EXP 	unnamed ImageStim: pos = (250.8, 0)
67.6591 	EXP 	stim1: name = 'stim1'
67.6591 	EXP 	unnamed ImageStim: pos = (177.3, 177.3)
67.6591 	EXP 	stim2: name = 'stim2'
67.6591 	EXP 	unnamed ImageStim: pos = (0, 250.8)
67.6591 	EXP 	stim3: name = 'stim3'
67.6591 	EXP 	unnamed ImageStim: pos = (-177.3, 177.3)
67.6591 	EXP 	stim4: name = 'stim4'
67.6591 	EXP 	unnamed ImageStim: pos = (-250.8, 0)
67.6591 	EXP 	stim5: name = 'stim5'
67.6591 	EXP 	unnamed ImageStim: pos = (-177.3, -177.3)
67.6591 	EXP 	stim6: name = 'stim6'
67.6591 	EXP 	unnamed ImageStim: pos = (0, -250.8)
67.6591 	EXP 	stim7: name = 'stim7'
67.6591 	EXP 	unnamed ImageStim: pos = (177.3, -177.3)
67.6591 	EXP 	stim8: name = 'stim8'
67.6591 	EXP 	ref: opacity = 1.0
67.6591 	EXP 	ref: color = '[1. 1. 1.] (rgb)'
67.6591 	EXP 	stim1: opacity = 1.0
67.6591 	EXP 	stim1: color = '[1. 1. 1.] (rgb)'
67.6591 	EXP 	stim2: opacity = 1.0
67.6591 	EXP 	stim2: color = '[1. 1. 1.] (rgb)'
67.6591 	EXP 	stim3: opacity = 1.0
67.6591 	EXP 	stim3: color = '[1. 1. 1.] (rgb)'
67.6591 	EXP 	stim4: opacity = 1.0
67.6591 	EXP 	stim4: color = '[1. 1. 1.] (rgb)'
67.6591 	EXP 	stim5: opacity = 1.0
67.6591 	EXP 	stim5: color = '[1. 1. 1.] (rgb)'
67.6591 	EXP 	stim6: opacity = 1.0
67.6591 	EXP 	stim6: color = '[1. 1. 1.] (rgb)'
67.6591 	EXP 	stim7: opacity = 1.0
67.6591 	EXP 	stim7: color = '[1. 1. 1.] (rgb)'
67.6591 	EXP 	stim8: opacity = 1.0
67.6591 	EXP 	stim8: color = '[1. 1. 1.] (rgb)'
67.6591 	EXP 	page_num: text = 1
67.6591 	EXP 	page_num: autoDraw = True
71.5573 	DATA 	Mouse: Left button down, pos=(570,592)
71.5731 	EXP 	stim4: opacity = 0.5
71.5731 	EXP 	stim4: color = '[0.136 0.14  0.141] (rgb)'
71.6789 	DATA 	Mouse:  Left button up, pos=(570,591)
74.0053 	DATA 	Mouse: Left button down, pos=(907,256)
74.0212 	EXP 	stim8: opacity = 0.5
74.0212 	EXP 	stim8: color = '[0.136 0.14  0.141] (rgb)'
74.1816 	DATA 	Mouse:  Left button up, pos=(908,254)
75.0221 	DATA 	Mouse: Left button down, pos=(919,582)
75.0388 	EXP 	stim2: opacity = 0.5
75.0388 	EXP 	stim2: color = '[0.136 0.14  0.141] (rgb)'
75.1176 	DATA 	Mouse:  Left button up, pos=(918,582)
76.1441 	DATA 	Mouse: Left button down, pos=(710,193)
76.1591 	EXP 	stim7: opacity = 0.5
76.1591 	EXP 	stim7: color = '[0.136 0.14  0.141] (rgb)'
76.3030 	DATA 	Mouse:  Left button up, pos=(710,194)
77.5379 	DATA 	Mouse: Left button down, pos=(460,441)
77.5531 	EXP 	stim5: opacity = 0.5
77.5531 	EXP 	stim5: color = '[0.136 0.14  0.141] (rgb)'
77.6775 	DATA 	Mouse:  Left button up, pos=(461,441)
78.7540 	DATA 	Mouse: Left button down, pos=(956,445)
78.7701 	EXP 	stim1: opacity = 0.5
78.7701 	EXP 	stim1: color = '[0.136 0.14  0.141] (rgb)'
78.8567 	DATA 	Mouse:  Left button up, pos=(956,446)
79.4220 	DATA 	Mouse: Left button down, pos=(551,293)
79.4373 	EXP 	stim6: opacity = 0.5
79.4373 	EXP 	stim6: color = '[0.136 0.14  0.141] (rgb)'
79.5098 	DATA 	Mouse:  Left button up, pos=(551,301)
80.0554 	DATA 	Mouse: Left button down, pos=(712,666)
80.0625 	EXP 	New trial (rep=0, index=1): OrderedDict([('ref', 'lizard'), ('stim1', 'goldfish'), ('stim2', 'dog'), ('stim3', 'rat'), ('stim4', 'ant'), ('stim5', 'fox'), ('stim6', 'elephant'), ('stim7', 'spider'), ('stim8', 'giraffe')])
80.3491 	DATA 	Mouse:  Left button up, pos=(720,450)
81.1594 	EXP 	stim3: opacity = 0.5
81.1594 	EXP 	stim3: color = '[0.136 0.14  0.141] (rgb)'
81.1594 	EXP 	page_num: autoDraw = False
81.1594 	EXP 	unnamed ImageStim: pos = (0, 0)
81.1594 	EXP 	ref: name = 'ref'
81.1594 	EXP 	unnamed ImageStim: pos = (250.8, 0)
81.1594 	EXP 	stim1: name = 'stim1'
81.1594 	EXP 	unnamed ImageStim: pos = (177.3, 177.3)
81.1594 	EXP 	stim2: name = 'stim2'
81.1594 	EXP 	stim8: pos = (0, 250.8)
81.1594 	EXP 	stim3: name = 'stim3'
81.1594 	EXP 	unnamed ImageStim: pos = (-177.3, 177.3)
81.1594 	EXP 	stim4: name = 'stim4'
81.1594 	EXP 	stim7: pos = (-250.8, 0)
81.1594 	EXP 	stim5: name = 'stim5'
81.1594 	EXP 	stim6: pos = (-177.3, -177.3)
81.1594 	EXP 	stim6: name = 'stim6'
81.1594 	EXP 	unnamed ImageStim: pos = (0, -250.8)
81.1594 	EXP 	stim7: name = 'stim7'
81.1594 	EXP 	unnamed ImageStim: pos = (177.3, -177.3)
81.1594 	EXP 	stim8: name = 'stim8'
81.1594 	EXP 	ref: opacity = 1.0
81.1594 	EXP 	ref: color = '[1. 1. 1.] (rgb)'
81.1594 	EXP 	stim1: opacity = 1.0
81.1594 	EXP 	stim1: color = '[1. 1. 1.] (rgb)'
81.1594 	EXP 	stim2: opacity = 1.0
81.1594 	EXP 	stim2: color = '[1. 1. 1.] (rgb)'
81.1594 	EXP 	stim3: opacity = 1.0
81.1594 	EXP 	stim3: color = '[1. 1. 1.] (rgb)'
81.1594 	EXP 	stim4: opacity = 1.0
81.1594 	EXP 	stim4: color = '[1. 1. 1.] (rgb)'
81.1594 	EXP 	stim5: opacity = 1.0
81.1594 	EXP 	stim5: color = '[1. 1. 1.] (rgb)'
81.1594 	EXP 	stim6: opacity = 1.0
81.1594 	EXP 	stim6: color = '[1. 1. 1.] (rgb)'
81.1594 	EXP 	stim7: opacity = 1.0
81.1594 	EXP 	stim7: color = '[1. 1. 1.] (rgb)'
81.1594 	EXP 	stim8: opacity = 1.0
81.1594 	EXP 	stim8: color = '[1. 1. 1.] (rgb)'
81.1594 	EXP 	page_num: text = 2
81.1594 	EXP 	page_num: autoDraw = True
83.8546 	DATA 	Mouse: Left button down, pos=(535,617)
83.8694 	EXP 	stim4: opacity = 0.5
83.8694 	EXP 	stim4: color = '[0.136 0.14  0.141] (rgb)'
84.0274 	DATA 	Mouse:  Left button up, pos=(535,617)
84.5044 	DATA 	Mouse: Left button down, pos=(677,674)
84.5198 	EXP 	stim3: opacity = 0.5
84.5198 	EXP 	stim3: color = '[0.136 0.14  0.141] (rgb)'
84.7671 	DATA 	Mouse:  Left button up, pos=(677,674)
87.2711 	DATA 	Mouse: Left button down, pos=(671,197)
87.2874 	EXP 	stim7: opacity = 0.5
87.2874 	EXP 	stim7: color = '[0.136 0.14  0.141] (rgb)'
87.4747 	DATA 	Mouse:  Left button up, pos=(671,197)
90.2017 	DATA 	Mouse: Left button down, pos=(894,586)
90.2158 	EXP 	stim2: opacity = 0.5
90.2158 	EXP 	stim2: color = '[0.136 0.14  0.141] (rgb)'
90.2931 	DATA 	Mouse:  Left button up, pos=(880,584)
90.7591 	DATA 	Mouse: Left button down, pos=(473,455)
90.7733 	EXP 	stim5: opacity = 0.5
90.7733 	EXP 	stim5: color = '[0.136 0.14  0.141] (rgb)'
90.8534 	DATA 	Mouse:  Left button up, pos=(480,455)
91.3999 	DATA 	Mouse: Left button down, pos=(947,454)
91.4315 	EXP 	stim1: opacity = 0.5
91.4315 	EXP 	stim1: color = '[0.136 0.14  0.141] (rgb)'
91.4884 	DATA 	Mouse:  Left button up, pos=(946,451)
91.9860 	DATA 	Mouse: Left button down, pos=(549,272)
92.0030 	EXP 	stim6: opacity = 0.5
92.0030 	EXP 	stim6: color = '[0.136 0.14  0.141] (rgb)'
92.0569 	DATA 	Mouse:  Left button up, pos=(566,274)
92.5022 	DATA 	Mouse: Left button down, pos=(894,272)
92.5068 	EXP 	New trial (rep=0, index=2): OrderedDict([('ref', 'shark'), ('stim1', 'goldfish'), ('stim2', 'turtle'), ('stim3', 'tiger'), ('stim4', 'hog'), ('stim5', 'ladybug'), ('stim6', 'dolphin'), ('stim7', 'cow'), ('stim8', 'horse')])
92.7929 	DATA 	Mouse:  Left button up, pos=(720,450)
94.0534 	EXP 	stim8: opacity = 0.5
94.0534 	EXP 	stim8: color = '[0.136 0.14  0.141] (rgb)'
94.0534 	EXP 	page_num: autoDraw = False
94.0534 	EXP 	unnamed ImageStim: pos = (0, 0)
94.0534 	EXP 	ref: name = 'ref'
94.0534 	EXP 	stim1: pos = (250.8, 0)
94.0534 	EXP 	stim1: name = 'stim1'
94.0534 	EXP 	unnamed ImageStim: pos = (177.3, 177.3)
94.0534 	EXP 	stim2: name = 'stim2'
94.0534 	EXP 	unnamed ImageStim: pos = (0, 250.8)
94.0534 	EXP 	stim3: name = 'stim3'
94.0534 	EXP 	unnamed ImageStim: pos = (-177.3, 177.3)
94.0534 	EXP 	stim4: name = 'stim4'
94.0534 	EXP 	unnamed ImageStim: pos = (-250.8, 0)
94.0534 	EXP 	stim5: name = 'stim5'
94.0534 	EXP 	stim1: pos = (-177.3, -177.3)
94.0534 	EXP 	stim6: name = 'stim6'
94.0534 	EXP 	unnamed ImageStim: pos = (0, -250.8)
94.0534 	EXP 	stim7: name = 'stim7'
94.0534 	EXP 	unnamed ImageStim: pos = (177.3, -177.3)
94.0534 	EXP 	stim8: name = 'stim8'
94.0534 	EXP 	ref: opacity = 1.0
94.0534 	EXP 	ref: color = '[1. 1. 1.] (rgb)'
94.0534 	EXP 	stim1: opacity = 1.0
94.0534 	EXP 	stim1: color = '[1. 1. 1.] (rgb)'
94.0534 	EXP 	stim2: opacity = 1.0
94.0534 	EXP 	stim2: color = '[1. 1. 1.] (rgb)'
94.0534 	EXP 	stim3: opacity = 1.0
94.0534 	EXP 	stim3: color = '[1. 1. 1.] (rgb)'
94.0534 	EXP 	stim4: opacity = 1.0
94.0534 	EXP 	stim4: color = '[1. 1. 1.] (rgb)'
94.0534 	EXP 	stim5: opacity = 1.0
94.0534 	EXP 	stim5: color = '[1. 1. 1.] (rgb)'
94.0534 	EXP 	stim6: opacity = 1.0
94.0534 	EXP 	stim6: color = '[1. 1. 1.] (rgb)'
94.0534 	EXP 	stim7: opacity = 1.0
94.0534 	EXP 	stim7: color = '[1. 1. 1.] (rgb)'
94.0534 	EXP 	stim8: opacity = 1.0
94.0534 	EXP 	stim8: color = '[1. 1. 1.] (rgb)'
94.0534 	EXP 	page_num: text = 3
94.0534 	EXP 	page_num: autoDraw = True
96.5553 	DATA 	Mouse: Left button down, pos=(547,295)
96.5705 	EXP 	stim6: opacity = 0.5
96.5705 	EXP 	stim6: color = '[0.136 0.14  0.141] (rgb)'
96.7065 	DATA 	Mouse:  Left button up, pos=(547,295)
100.1865 	DATA 	Mouse: Left button down, pos=(715,685)
100.2032 	EXP 	stim3: opacity = 0.5
100.2032 	EXP 	stim3: color = '[0.136 0.14  0.141] (rgb)'
100.2738 	DATA 	Mouse:  Left button up, pos=(719,682)
100.7536 	DATA 	Mouse: Left button down, pos=(981,452)
100.7691 	EXP 	stim1: opacity = 0.5
100.7691 	EXP 	stim1: color = '[0.136 0.14  0.141] (rgb)'
100.8464 	DATA 	Mouse:  Left button up, pos=(978,455)
102.0714 	DATA 	Mouse: Left button down, pos=(901,272)
102.0858 	EXP 	stim8: opacity = 0.5
102.0858 	EXP 	stim8: color = '[0.136 0.14  0.141] (rgb)'
102.1757 	DATA 	Mouse:  Left button up, pos=(857,323)
103.4707 	DATA 	Mouse: Left button down, pos=(723,220)
103.4864 	EXP 	stim7: opacity = 0.5
103.4864 	EXP 	stim7: color = '[0.136 0.14  0.141] (rgb)'
103.5427 	DATA 	Mouse:  Left button up, pos=(723,231)
104.2380 	DATA 	Mouse: Left button down, pos=(571,617)
104.2529 	EXP 	stim4: opacity = 0.5
104.2529 	EXP 	stim4: color = '[0.136 0.14  0.141] (rgb)'
104.3755 	DATA 	Mouse:  Left button up, pos=(599,611)
104.8712 	DATA 	Mouse: Left button down, pos=(914,609)
104.8866 	EXP 	stim2: opacity = 0.5
104.8866 	EXP 	stim2: color = '[0.136 0.14  0.141] (rgb)'
104.9826 	DATA 	Mouse:  Left button up, pos=(899,609)
105.6049 	DATA 	Mouse: Left button down, pos=(474,459)
105.6105 	EXP 	New trial (rep=0, index=3): OrderedDict([('ref', 'ladybug'), ('stim1', 'shark'), ('stim2', 'lizard'), ('stim3', 'cat'), ('stim4', 'bat'), ('stim5', 'owl'), ('stim6', 'ant'), ('stim7', 'bluebird'), ('stim8', 'goldfish')])
105.8979 	DATA 	Mouse:  Left button up, pos=(720,450)
106.4666 	EXP 	stim5: opacity = 0.5
106.4666 	EXP 	stim5: color = '[0.136 0.14  0.141] (rgb)'
106.4666 	EXP 	page_num: autoDraw = False
106.4666 	EXP 	stim5: pos = (0, 0)
106.4666 	EXP 	ref: name = 'ref'
106.4666 	EXP 	ref: pos = (250.8, 0)
106.4666 	EXP 	stim1: name = 'stim1'
106.4666 	EXP 	ref: pos = (177.3, 177.3)
106.4666 	EXP 	stim2: name = 'stim2'
106.4666 	EXP 	stim2: pos = (0, 250.8)
106.4666 	EXP 	stim3: name = 'stim3'
106.4666 	EXP 	unnamed ImageStim: pos = (-177.3, 177.3)
106.4666 	EXP 	stim4: name = 'stim4'
106.4666 	EXP 	unnamed ImageStim: pos = (-250.8, 0)
106.4666 	EXP 	stim5: name = 'stim5'
106.4666 	EXP 	stim4: pos = (-177.3, -177.3)
106.4666 	EXP 	stim6: name = 'stim6'
106.4666 	EXP 	unnamed ImageStim: pos = (0, -250.8)
106.4666 	EXP 	stim7: name = 'stim7'
106.4666 	EXP 	stim1: pos = (177.3, -177.3)
106.4666 	EXP 	stim8: name = 'stim8'
106.4666 	EXP 	ref: opacity = 1.0
106.4666 	EXP 	ref: color = '[1. 1. 1.] (rgb)'
106.4666 	EXP 	stim1: opacity = 1.0
106.4666 	EXP 	stim1: color = '[1. 1. 1.] (rgb)'
106.4666 	EXP 	stim2: opacity = 1.0
106.4666 	EXP 	stim2: color = '[1. 1. 1.] (rgb)'
106.4666 	EXP 	stim3: opacity = 1.0
106.4666 	EXP 	stim3: color = '[1. 1. 1.] (rgb)'
106.4666 	EXP 	stim4: opacity = 1.0
106.4666 	EXP 	stim4: color = '[1. 1. 1.] (rgb)'
106.4666 	EXP 	stim5: opacity = 1.0
106.4666 	EXP 	stim5: color = '[1. 1. 1.] (rgb)'
106.4666 	EXP 	stim6: opacity = 1.0
106.4666 	EXP 	stim6: color = '[1. 1. 1.] (rgb)'
106.4666 	EXP 	stim7: opacity = 1.0
106.4666 	EXP 	stim7: color = '[1. 1. 1.] (rgb)'
106.4666 	EXP 	stim8: opacity = 1.0
106.4666 	EXP 	stim8: color = '[1. 1. 1.] (rgb)'
106.4666 	EXP 	page_num: text = 4
106.4666 	EXP 	page_num: autoDraw = True
115.6723 	DATA 	Mouse: Left button down, pos=(567,279)
115.6881 	EXP 	stim6: opacity = 0.5
115.6881 	EXP 	stim6: color = '[0.136 0.14  0.141] (rgb)'
115.8445 	DATA 	Mouse:  Left button up, pos=(567,279)
117.4908 	DATA 	Mouse: Left button down, pos=(726,221)
117.5075 	EXP 	stim7: opacity = 0.5
117.5075 	EXP 	stim7: color = '[0.136 0.14  0.141] (rgb)'
117.6509 	DATA 	Mouse:  Left button up, pos=(726,221)
119.0387 	DATA 	Mouse: Left button down, pos=(560,561)
119.2098 	DATA 	Mouse:  Left button up, pos=(560,561)
119.6705 	DATA 	Mouse: Left button down, pos=(571,591)
119.6855 	EXP 	stim4: opacity = 0.5
119.6855 	EXP 	stim4: color = '[0.136 0.14  0.141] (rgb)'
119.8412 	DATA 	Mouse:  Left button up, pos=(571,591)
121.2405 	DATA 	Mouse: Left button down, pos=(489,444)
121.2566 	EXP 	stim5: opacity = 0.5
121.2566 	EXP 	stim5: color = '[0.136 0.14  0.141] (rgb)'
121.4673 	DATA 	Mouse:  Left button up, pos=(489,444)
122.7048 	DATA 	Mouse: Left button down, pos=(909,607)
122.7212 	EXP 	stim2: opacity = 0.5
122.7212 	EXP 	stim2: color = '[0.136 0.14  0.141] (rgb)'
122.8148 	DATA 	Mouse:  Left button up, pos=(910,604)
123.2704 	DATA 	Mouse: Left button down, pos=(895,271)
123.2853 	EXP 	stim8: opacity = 0.5
123.2853 	EXP 	stim8: color = '[0.136 0.14  0.141] (rgb)'
123.3819 	DATA 	Mouse:  Left button up, pos=(885,293)
123.8557 	DATA 	Mouse: Left button down, pos=(728,677)
123.8724 	EXP 	stim3: opacity = 0.5
123.8724 	EXP 	stim3: color = '[0.136 0.14  0.141] (rgb)'
123.9424 	DATA 	Mouse:  Left button up, pos=(729,678)
124.4739 	DATA 	Mouse: Left button down, pos=(988,439)
124.4779 	EXP 	New trial (rep=0, index=4): OrderedDict([('ref', 'butterfly'), ('stim1', 'dolphin'), ('stim2', 'monkey'), ('stim3', 'cat'), ('stim4', 'horse'), ('stim5', 'whale'), ('stim6', 'sparrow'), ('stim7', 'snake'), ('stim8', 'giraffe')])
124.7640 	DATA 	Mouse:  Left button up, pos=(720,450)
125.7044 	EXP 	stim1: opacity = 0.5
125.7044 	EXP 	stim1: color = '[0.136 0.14  0.141] (rgb)'
125.7044 	EXP 	page_num: autoDraw = False
125.7044 	EXP 	unnamed ImageStim: pos = (0, 0)
125.7044 	EXP 	ref: name = 'ref'
125.7044 	EXP 	stim6: pos = (250.8, 0)
125.7044 	EXP 	stim1: name = 'stim1'
125.7044 	EXP 	stim3: pos = (177.3, 177.3)
125.7044 	EXP 	stim2: name = 'stim2'
125.7044 	EXP 	stim3: pos = (0, 250.8)
125.7044 	EXP 	stim3: name = 'stim3'
125.7044 	EXP 	stim8: pos = (-177.3, 177.3)
125.7044 	EXP 	stim4: name = 'stim4'
125.7044 	EXP 	unnamed ImageStim: pos = (-250.8, 0)
125.7044 	EXP 	stim5: name = 'stim5'
125.7044 	EXP 	unnamed ImageStim: pos = (-177.3, -177.3)
125.7044 	EXP 	stim6: name = 'stim6'
125.7044 	EXP 	unnamed ImageStim: pos = (0, -250.8)
125.7044 	EXP 	stim7: name = 'stim7'
125.7044 	EXP 	stim8: pos = (177.3, -177.3)
125.7044 	EXP 	stim8: name = 'stim8'
125.7044 	EXP 	ref: opacity = 1.0
125.7044 	EXP 	ref: color = '[1. 1. 1.] (rgb)'
125.7044 	EXP 	stim1: opacity = 1.0
125.7044 	EXP 	stim1: color = '[1. 1. 1.] (rgb)'
125.7044 	EXP 	stim2: opacity = 1.0
125.7044 	EXP 	stim2: color = '[1. 1. 1.] (rgb)'
125.7044 	EXP 	stim3: opacity = 1.0
125.7044 	EXP 	stim3: color = '[1. 1. 1.] (rgb)'
125.7044 	EXP 	stim4: opacity = 1.0
125.7044 	EXP 	stim4: color = '[1. 1. 1.] (rgb)'
125.7044 	EXP 	stim5: opacity = 1.0
125.7044 	EXP 	stim5: color = '[1. 1. 1.] (rgb)'
125.7044 	EXP 	stim6: opacity = 1.0
125.7044 	EXP 	stim6: color = '[1. 1. 1.] (rgb)'
125.7044 	EXP 	stim7: opacity = 1.0
125.7044 	EXP 	stim7: color = '[1. 1. 1.] (rgb)'
125.7044 	EXP 	stim8: opacity = 1.0
125.7044 	EXP 	stim8: color = '[1. 1. 1.] (rgb)'
125.7044 	EXP 	page_num: text = 5
125.7044 	EXP 	page_num: autoDraw = True
132.0883 	DATA 	Mouse: Left button down, pos=(548,269)
132.1041 	EXP 	stim6: opacity = 0.5
132.1041 	EXP 	stim6: color = '[0.136 0.14  0.141] (rgb)'
132.8881 	DATA 	Mouse:  Left button up, pos=(548,269)
136.6721 	DATA 	Mouse: Left button down, pos=(700,200)
136.6889 	EXP 	stim7: opacity = 0.5
136.6889 	EXP 	stim7: color = '[0.136 0.14  0.141] (rgb)'
136.7656 	DATA 	Mouse:  Left button up, pos=(700,201)
140.2871 	DATA 	Mouse: Left button down, pos=(722,657)
140.3033 	EXP 	stim3: opacity = 0.5
140.3033 	EXP 	stim3: color = '[0.136 0.14  0.141] (rgb)'
140.5175 	DATA 	Mouse:  Left button up, pos=(722,657)
141.1703 	DATA 	Mouse: Left button down, pos=(543,573)
141.1866 	EXP 	stim4: opacity = 0.5
141.1866 	EXP 	stim4: color = '[0.136 0.14  0.141] (rgb)'
141.2950 	DATA 	Mouse:  Left button up, pos=(543,573)
141.9036 	DATA 	Mouse: Left button down, pos=(878,309)
141.9194 	EXP 	stim8: opacity = 0.5
141.9194 	EXP 	stim8: color = '[0.136 0.14  0.141] (rgb)'
142.0484 	DATA 	Mouse:  Left button up, pos=(877,310)
143.0710 	DATA 	Mouse: Left button down, pos=(854,632)
143.0861 	EXP 	stim2: opacity = 0.5
143.0861 	EXP 	stim2: color = '[0.136 0.14  0.141] (rgb)'
143.1947 	DATA 	Mouse:  Left button up, pos=(857,628)
144.4710 	DATA 	Mouse: Left button down, pos=(980,470)
144.4858 	EXP 	stim1: opacity = 0.5
144.4858 	EXP 	stim1: color = '[0.136 0.14  0.141] (rgb)'
144.5749 	DATA 	Mouse:  Left button up, pos=(974,469)
145.1194 	DATA 	Mouse: Left button down, pos=(445,453)
145.1238 	EXP 	New trial (rep=0, index=5): OrderedDict([('ref', 'ant'), ('stim1', 'duck'), ('stim2', 'spider'), ('stim3', 'butterfly'), ('stim4', 'rat'), ('stim5', 'giraffe'), ('stim6', 'horse'), ('stim7', 'goldfish'), ('stim8', 'fox')])
145.4110 	DATA 	Mouse:  Left button up, pos=(720,450)
145.7765 	EXP 	stim5: opacity = 0.5
145.7765 	EXP 	stim5: color = '[0.136 0.14  0.141] (rgb)'
145.7765 	EXP 	page_num: autoDraw = False
145.7765 	EXP 	stim6: pos = (0, 0)
145.7765 	EXP 	ref: name = 'ref'
145.7765 	EXP 	ref: pos = (250.8, 0)
145.7765 	EXP 	stim1: name = 'stim1'
145.7765 	EXP 	stim7: pos = (177.3, 177.3)
145.7765 	EXP 	stim2: name = 'stim2'
145.7765 	EXP 	ref: pos = (0, 250.8)
145.7765 	EXP 	stim3: name = 'stim3'
145.7765 	EXP 	stim3: pos = (-177.3, 177.3)
145.7765 	EXP 	stim4: name = 'stim4'
145.7765 	EXP 	stim8: pos = (-250.8, 0)
145.7765 	EXP 	stim5: name = 'stim5'
145.7765 	EXP 	stim4: pos = (-177.3, -177.3)
145.7765 	EXP 	stim6: name = 'stim6'
145.7765 	EXP 	stim8: pos = (0, -250.8)
145.7765 	EXP 	stim7: name = 'stim7'
145.7765 	EXP 	stim5: pos = (177.3, -177.3)
145.7765 	EXP 	stim8: name = 'stim8'
145.7765 	EXP 	ref: opacity = 1.0
145.7765 	EXP 	ref: color = '[1. 1. 1.] (rgb)'
145.7765 	EXP 	stim1: opacity = 1.0
145.7765 	EXP 	stim1: color = '[1. 1. 1.] (rgb)'
145.7765 	EXP 	stim2: opacity = 1.0
145.7765 	EXP 	stim2: color = '[1. 1. 1.] (rgb)'
145.7765 	EXP 	stim3: opacity = 1.0
145.7765 	EXP 	stim3: color = '[1. 1. 1.] (rgb)'
145.7765 	EXP 	stim4: opacity = 1.0
145.7765 	EXP 	stim4: color = '[1. 1. 1.] (rgb)'
145.7765 	EXP 	stim5: opacity = 1.0
145.7765 	EXP 	stim5: color = '[1. 1. 1.] (rgb)'
145.7765 	EXP 	stim6: opacity = 1.0
145.7765 	EXP 	stim6: color = '[1. 1. 1.] (rgb)'
145.7765 	EXP 	stim7: opacity = 1.0
145.7765 	EXP 	stim7: color = '[1. 1. 1.] (rgb)'
145.7765 	EXP 	stim8: opacity = 1.0
145.7765 	EXP 	stim8: color = '[1. 1. 1.] (rgb)'
145.7765 	EXP 	page_num: text = 6
145.7765 	EXP 	page_num: autoDraw = True
148.3542 	DATA 	Mouse: Left button down, pos=(881,622)
148.3705 	EXP 	stim2: opacity = 0.5
148.3705 	EXP 	stim2: color = '[0.136 0.14  0.141] (rgb)'
148.4736 	DATA 	Mouse:  Left button up, pos=(875,625)
149.1276 	DATA 	Mouse: Left button down, pos=(762,687)
149.1421 	EXP 	stim3: opacity = 0.5
149.1421 	EXP 	stim3: color = '[0.136 0.14  0.141] (rgb)'
149.2691 	DATA 	Mouse:  Left button up, pos=(762,686)
155.5866 	DATA 	Mouse: Left button down, pos=(549,632)
155.6028 	EXP 	stim4: opacity = 0.5
155.6028 	EXP 	stim4: color = '[0.136 0.14  0.141] (rgb)'
155.7653 	DATA 	Mouse:  Left button up, pos=(549,632)
156.6875 	DATA 	Mouse: Left button down, pos=(986,474)
156.7028 	EXP 	stim1: opacity = 0.5
156.7028 	EXP 	stim1: color = '[0.136 0.14  0.141] (rgb)'
156.7805 	DATA 	Mouse:  Left button up, pos=(986,471)
157.2703 	DATA 	Mouse: Left button down, pos=(717,197)
157.2866 	EXP 	stim7: opacity = 0.5
157.2866 	EXP 	stim7: color = '[0.136 0.14  0.141] (rgb)'
157.3755 	DATA 	Mouse:  Left button up, pos=(724,201)
157.6701 	DATA 	Mouse: Left button down, pos=(882,261)
157.6849 	EXP 	stim8: opacity = 0.5
157.6849 	EXP 	stim8: color = '[0.136 0.14  0.141] (rgb)'
157.7752 	DATA 	Mouse:  Left button up, pos=(881,261)
158.1355 	DATA 	Mouse: Left button down, pos=(541,267)
158.1518 	EXP 	stim6: opacity = 0.5
158.1518 	EXP 	stim6: color = '[0.136 0.14  0.141] (rgb)'
158.2484 	DATA 	Mouse:  Left button up, pos=(539,278)
158.5249 	DATA 	Mouse: Left button down, pos=(476,415)
158.5434 	EXP 	New trial (rep=0, index=6): OrderedDict([('ref', 'pigeon'), ('stim1', 'tiger'), ('stim2', 'ladybug'), ('stim3', 'spider'), ('stim4', 'eagle'), ('stim5', 'whale'), ('stim6', 'turtle'), ('stim7', 'horse'), ('stim8', 'snail')])
158.8299 	DATA 	Mouse:  Left button up, pos=(720,450)
159.4340 	EXP 	stim5: opacity = 0.5
159.4340 	EXP 	stim5: color = '[0.136 0.14  0.141] (rgb)'
159.4340 	EXP 	page_num: autoDraw = False
159.4340 	EXP 	unnamed ImageStim: pos = (0, 0)
159.4340 	EXP 	ref: name = 'ref'
159.4340 	EXP 	stim3: pos = (250.8, 0)
159.4340 	EXP 	stim1: name = 'stim1'
159.4340 	EXP 	ref: pos = (177.3, 177.3)
159.4340 	EXP 	stim2: name = 'stim2'
159.4340 	EXP 	stim2: pos = (0, 250.8)
159.4340 	EXP 	stim3: name = 'stim3'
159.4340 	EXP 	unnamed ImageStim: pos = (-177.3, 177.3)
159.4340 	EXP 	stim4: name = 'stim4'
159.4340 	EXP 	stim5: pos = (-250.8, 0)
159.4340 	EXP 	stim5: name = 'stim5'
159.4340 	EXP 	stim2: pos = (-177.3, -177.3)
159.4340 	EXP 	stim6: name = 'stim6'
159.4340 	EXP 	stim6: pos = (0, -250.8)
159.4340 	EXP 	stim7: name = 'stim7'
159.4340 	EXP 	stim5: pos = (177.3, -177.3)
159.4340 	EXP 	stim8: name = 'stim8'
159.4340 	EXP 	ref: opacity = 1.0
159.4340 	EXP 	ref: color = '[1. 1. 1.] (rgb)'
159.4340 	EXP 	stim1: opacity = 1.0
159.4340 	EXP 	stim1: color = '[1. 1. 1.] (rgb)'
159.4340 	EXP 	stim2: opacity = 1.0
159.4340 	EXP 	stim2: color = '[1. 1. 1.] (rgb)'
159.4340 	EXP 	stim3: opacity = 1.0
159.4340 	EXP 	stim3: color = '[1. 1. 1.] (rgb)'
159.4340 	EXP 	stim4: opacity = 1.0
159.4340 	EXP 	stim4: color = '[1. 1. 1.] (rgb)'
159.4340 	EXP 	stim5: opacity = 1.0
159.4340 	EXP 	stim5: color = '[1. 1. 1.] (rgb)'
159.4340 	EXP 	stim6: opacity = 1.0
159.4340 	EXP 	stim6: color = '[1. 1. 1.] (rgb)'
159.4340 	EXP 	stim7: opacity = 1.0
159.4340 	EXP 	stim7: color = '[1. 1. 1.] (rgb)'
159.4340 	EXP 	stim8: opacity = 1.0
159.4340 	EXP 	stim8: color = '[1. 1. 1.] (rgb)'
159.4340 	EXP 	page_num: text = 7
159.4340 	EXP 	page_num: autoDraw = True
163.0706 	DATA 	Mouse: Left button down, pos=(535,595)
163.0854 	EXP 	stim4: opacity = 0.5
163.0854 	EXP 	stim4: color = '[0.136 0.14  0.141] (rgb)'
163.1755 	DATA 	Mouse:  Left button up, pos=(535,596)
168.3036 	DATA 	Mouse: Left button down, pos=(875,606)
168.3193 	EXP 	stim2: opacity = 0.5
168.3193 	EXP 	stim2: color = '[0.136 0.14  0.141] (rgb)'
168.4102 	DATA 	Mouse:  Left button up, pos=(875,606)
169.7445 	DATA 	Mouse: Left button down, pos=(554,281)
169.7953 	EXP 	stim6: opacity = 0.5
169.7953 	EXP 	stim6: color = '[0.136 0.14  0.141] (rgb)'
169.9334 	DATA 	Mouse:  Left button up, pos=(554,281)
170.7835 	DATA 	Mouse: Left button down, pos=(732,205)
170.7988 	EXP 	stim7: opacity = 0.5
170.7988 	EXP 	stim7: color = '[0.136 0.14  0.141] (rgb)'
170.9061 	DATA 	Mouse:  Left button up, pos=(737,210)
171.2808 	DATA 	Mouse: Left button down, pos=(987,396)
171.2957 	EXP 	stim1: opacity = 0.5
171.2957 	EXP 	stim1: color = '[0.136 0.14  0.141] (rgb)'
171.3828 	DATA 	Mouse:  Left button up, pos=(985,395)
171.6771 	DATA 	Mouse: Left button down, pos=(871,271)
171.6914 	EXP 	stim8: opacity = 0.5
171.6914 	EXP 	stim8: color = '[0.136 0.14  0.141] (rgb)'
171.7818 	DATA 	Mouse:  Left button up, pos=(863,274)
172.8213 	DATA 	Mouse: Left button down, pos=(706,684)
172.8361 	EXP 	stim3: opacity = 0.5
172.8361 	EXP 	stim3: color = '[0.136 0.14  0.141] (rgb)'
172.9098 	DATA 	Mouse:  Left button up, pos=(704,684)
173.4337 	DATA 	Mouse: Left button down, pos=(473,469)
173.4412 	EXP 	New trial (rep=0, index=7): OrderedDict([('ref', 'shark'), ('stim1', 'bat'), ('stim2', 'sparrow'), ('stim3', 'crocodile'), ('stim4', 'butterfly'), ('stim5', 'mouse'), ('stim6', 'monkey'), ('stim7', 'giraffe'), ('stim8', 'fox')])
173.7271 	DATA 	Mouse:  Left button up, pos=(720,450)
174.3573 	EXP 	stim5: opacity = 0.5
174.3573 	EXP 	stim5: color = '[0.136 0.14  0.141] (rgb)'
174.3573 	EXP 	page_num: autoDraw = False
174.3573 	EXP 	stim1: pos = (0, 0)
174.3573 	EXP 	ref: name = 'ref'
174.3573 	EXP 	stim4: pos = (250.8, 0)
174.3573 	EXP 	stim1: name = 'stim1'
174.3573 	EXP 	stim6: pos = (177.3, 177.3)
174.3573 	EXP 	stim2: name = 'stim2'
174.3573 	EXP 	unnamed ImageStim: pos = (0, 250.8)
174.3573 	EXP 	stim3: name = 'stim3'
174.3573 	EXP 	stim3: pos = (-177.3, 177.3)
174.3573 	EXP 	stim4: name = 'stim4'
174.3573 	EXP 	unnamed ImageStim: pos = (-250.8, 0)
174.3573 	EXP 	stim5: name = 'stim5'
174.3573 	EXP 	stim2: pos = (-177.3, -177.3)
174.3573 	EXP 	stim6: name = 'stim6'
174.3573 	EXP 	stim5: pos = (0, -250.8)
174.3573 	EXP 	stim7: name = 'stim7'
174.3573 	EXP 	stim8: pos = (177.3, -177.3)
174.3573 	EXP 	stim8: name = 'stim8'
174.3573 	EXP 	ref: opacity = 1.0
174.3573 	EXP 	ref: color = '[1. 1. 1.] (rgb)'
174.3573 	EXP 	stim1: opacity = 1.0
174.3573 	EXP 	stim1: color = '[1. 1. 1.] (rgb)'
174.3573 	EXP 	stim2: opacity = 1.0
174.3573 	EXP 	stim2: color = '[1. 1. 1.] (rgb)'
174.3573 	EXP 	stim3: opacity = 1.0
174.3573 	EXP 	stim3: color = '[1. 1. 1.] (rgb)'
174.3573 	EXP 	stim4: opacity = 1.0
174.3573 	EXP 	stim4: color = '[1. 1. 1.] (rgb)'
174.3573 	EXP 	stim5: opacity = 1.0
174.3573 	EXP 	stim5: color = '[1. 1. 1.] (rgb)'
174.3573 	EXP 	stim6: opacity = 1.0
174.3573 	EXP 	stim6: color = '[1. 1. 1.] (rgb)'
174.3573 	EXP 	stim7: opacity = 1.0
174.3573 	EXP 	stim7: color = '[1. 1. 1.] (rgb)'
174.3573 	EXP 	stim8: opacity = 1.0
174.3573 	EXP 	stim8: color = '[1. 1. 1.] (rgb)'
174.3573 	EXP 	page_num: text = 8
174.3573 	EXP 	page_num: autoDraw = True
186.9408 	DATA 	Mouse: Left button down, pos=(698,710)
186.9560 	EXP 	stim3: opacity = 0.5
186.9560 	EXP 	stim3: color = '[0.136 0.14  0.141] (rgb)'
187.1509 	DATA 	Mouse:  Left button up, pos=(698,710)
188.9199 	DATA 	Mouse: Left button down, pos=(907,263)
188.9365 	EXP 	stim8: opacity = 0.5
188.9365 	EXP 	stim8: color = '[0.136 0.14  0.141] (rgb)'
189.1334 	DATA 	Mouse:  Left button up, pos=(907,263)
192.0701 	DATA 	Mouse: Left button down, pos=(714,198)
192.0862 	EXP 	stim7: opacity = 0.5
192.0862 	EXP 	stim7: color = '[0.136 0.14  0.141] (rgb)'
192.1916 	DATA 	Mouse:  Left button up, pos=(705,202)
192.5912 	DATA 	Mouse: Left button down, pos=(551,266)
192.6070 	EXP 	stim6: opacity = 0.5
192.6070 	EXP 	stim6: color = '[0.136 0.14  0.141] (rgb)'
192.7012 	DATA 	Mouse:  Left button up, pos=(551,266)
194.6883 	DATA 	Mouse: Left button down, pos=(538,443)
194.8089 	DATA 	Mouse:  Left button up, pos=(540,444)
195.6234 	DATA 	Mouse: Left button down, pos=(460,449)
195.6395 	EXP 	stim5: opacity = 0.5
195.6395 	EXP 	stim5: color = '[0.136 0.14  0.141] (rgb)'
195.7567 	DATA 	Mouse:  Left button up, pos=(476,444)
196.3530 	DATA 	Mouse: Left button down, pos=(996,462)
196.3694 	EXP 	stim1: opacity = 0.5
196.3694 	EXP 	stim1: color = '[0.136 0.14  0.141] (rgb)'
196.4466 	DATA 	Mouse:  Left button up, pos=(995,462)
196.9187 	DATA 	Mouse: Left button down, pos=(914,619)
196.9351 	EXP 	stim2: opacity = 0.5
196.9351 	EXP 	stim2: color = '[0.136 0.14  0.141] (rgb)'
197.0421 	DATA 	Mouse:  Left button up, pos=(891,621)
197.4560 	DATA 	Mouse: Left button down, pos=(548,620)
197.4607 	EXP 	New trial (rep=0, index=8): OrderedDict([('ref', 'snake'), ('stim1', 'hog'), ('stim2', 'cat'), ('stim3', 'bear'), ('stim4', 'elephant'), ('stim5', 'lizard'), ('stim6', 'turkey'), ('stim7', 'eagle'), ('stim8', 'crocodile')])
197.7463 	DATA 	Mouse:  Left button up, pos=(720,450)
198.4462 	EXP 	stim4: opacity = 0.5
198.4462 	EXP 	stim4: color = '[0.136 0.14  0.141] (rgb)'
198.4462 	EXP 	page_num: autoDraw = False
198.4462 	EXP 	stim7: pos = (0, 0)
198.4462 	EXP 	ref: name = 'ref'
198.4462 	EXP 	stim4: pos = (250.8, 0)
198.4462 	EXP 	stim1: name = 'stim1'
198.4462 	EXP 	stim3: pos = (177.3, 177.3)
198.4462 	EXP 	stim2: name = 'stim2'
198.4462 	EXP 	unnamed ImageStim: pos = (0, 250.8)
198.4462 	EXP 	stim3: name = 'stim3'
198.4462 	EXP 	stim6: pos = (-177.3, 177.3)
198.4462 	EXP 	stim4: name = 'stim4'
198.4462 	EXP 	stim2: pos = (-250.8, 0)
198.4462 	EXP 	stim5: name = 'stim5'
198.4462 	EXP 	unnamed ImageStim: pos = (-177.3, -177.3)
198.4462 	EXP 	stim6: name = 'stim6'
198.4462 	EXP 	stim4: pos = (0, -250.8)
198.4462 	EXP 	stim7: name = 'stim7'
198.4462 	EXP 	stim3: pos = (177.3, -177.3)
198.4462 	EXP 	stim8: name = 'stim8'
198.4462 	EXP 	ref: opacity = 1.0
198.4462 	EXP 	ref: color = '[1. 1. 1.] (rgb)'
198.4462 	EXP 	stim1: opacity = 1.0
198.4462 	EXP 	stim1: color = '[1. 1. 1.] (rgb)'
198.4462 	EXP 	stim2: opacity = 1.0
198.4462 	EXP 	stim2: color = '[1. 1. 1.] (rgb)'
198.4462 	EXP 	stim3: opacity = 1.0
198.4462 	EXP 	stim3: color = '[1. 1. 1.] (rgb)'
198.4462 	EXP 	stim4: opacity = 1.0
198.4462 	EXP 	stim4: color = '[1. 1. 1.] (rgb)'
198.4462 	EXP 	stim5: opacity = 1.0
198.4462 	EXP 	stim5: color = '[1. 1. 1.] (rgb)'
198.4462 	EXP 	stim6: opacity = 1.0
198.4462 	EXP 	stim6: color = '[1. 1. 1.] (rgb)'
198.4462 	EXP 	stim7: opacity = 1.0
198.4462 	EXP 	stim7: color = '[1. 1. 1.] (rgb)'
198.4462 	EXP 	stim8: opacity = 1.0
198.4462 	EXP 	stim8: color = '[1. 1. 1.] (rgb)'
198.4462 	EXP 	page_num: text = 9
198.4462 	EXP 	page_num: autoDraw = True
199.9035 	DATA 	Mouse: Left button down, pos=(429,435)
199.9197 	EXP 	stim5: opacity = 0.5
199.9197 	EXP 	stim5: color = '[0.136 0.14  0.141] (rgb)'
200.0809 	DATA 	Mouse:  Left button up, pos=(429,435)
202.3863 	DATA 	Mouse: Left button down, pos=(900,262)
202.4027 	EXP 	stim8: opacity = 0.5
202.4027 	EXP 	stim8: color = '[0.136 0.14  0.141] (rgb)'
202.6303 	DATA 	Mouse:  Left button up, pos=(900,262)
208.7540 	DATA 	Mouse: Left button down, pos=(546,624)
208.7702 	EXP 	stim4: opacity = 0.5
208.7702 	EXP 	stim4: color = '[0.136 0.14  0.141] (rgb)'
208.9171 	DATA 	Mouse:  Left button up, pos=(546,624)
210.3692 	DATA 	Mouse: Left button down, pos=(924,599)
210.3856 	EXP 	stim2: opacity = 0.5
210.3856 	EXP 	stim2: color = '[0.136 0.14  0.141] (rgb)'
210.4943 	DATA 	Mouse:  Left button up, pos=(924,599)
210.9536 	DATA 	Mouse: Left button down, pos=(990,457)
210.9685 	EXP 	stim1: opacity = 0.5
210.9685 	EXP 	stim1: color = '[0.136 0.14  0.141] (rgb)'
211.0805 	DATA 	Mouse:  Left button up, pos=(990,457)
211.6370 	DATA 	Mouse: Left button down, pos=(554,303)
211.6701 	EXP 	stim6: opacity = 0.5
211.6701 	EXP 	stim6: color = '[0.136 0.14  0.141] (rgb)'
211.7991 	DATA 	Mouse:  Left button up, pos=(553,299)
212.3046 	DATA 	Mouse: Left button down, pos=(707,195)
212.3205 	EXP 	stim7: opacity = 0.5
212.3205 	EXP 	stim7: color = '[0.136 0.14  0.141] (rgb)'
212.4329 	DATA 	Mouse:  Left button up, pos=(705,214)
213.2355 	DATA 	Mouse: Left button down, pos=(708,689)
213.2407 	EXP 	New trial (rep=0, index=9): OrderedDict([('ref', 'sheep'), ('stim1', 'cow'), ('stim2', 'goldfish'), ('stim3', 'ant'), ('stim4', 'butterfly'), ('stim5', 'bluebird'), ('stim6', 'elephant'), ('stim7', 'duck'), ('stim8', 'bat')])
213.5275 	DATA 	Mouse:  Left button up, pos=(720,450)
214.1194 	EXP 	stim3: opacity = 0.5
214.1194 	EXP 	stim3: color = '[0.136 0.14  0.141] (rgb)'
214.1194 	EXP 	page_num: autoDraw = False
214.1194 	EXP 	unnamed ImageStim: pos = (0, 0)
214.1194 	EXP 	ref: name = 'ref'
214.1194 	EXP 	stim7: pos = (250.8, 0)
214.1194 	EXP 	stim1: name = 'stim1'
214.1194 	EXP 	stim7: pos = (177.3, 177.3)
214.1194 	EXP 	stim2: name = 'stim2'
214.1194 	EXP 	ref: pos = (0, 250.8)
214.1194 	EXP 	stim3: name = 'stim3'
214.1194 	EXP 	stim4: pos = (-177.3, 177.3)
214.1194 	EXP 	stim4: name = 'stim4'
214.1194 	EXP 	stim7: pos = (-250.8, 0)
214.1194 	EXP 	stim5: name = 'stim5'
214.1194 	EXP 	stim4: pos = (-177.3, -177.3)
214.1194 	EXP 	stim6: name = 'stim6'
214.1194 	EXP 	stim1: pos = (0, -250.8)
214.1194 	EXP 	stim7: name = 'stim7'
214.1194 	EXP 	stim1: pos = (177.3, -177.3)
214.1194 	EXP 	stim8: name = 'stim8'
214.1194 	EXP 	ref: opacity = 1.0
214.1194 	EXP 	ref: color = '[1. 1. 1.] (rgb)'
214.1194 	EXP 	stim1: opacity = 1.0
214.1194 	EXP 	stim1: color = '[1. 1. 1.] (rgb)'
214.1194 	EXP 	stim2: opacity = 1.0
214.1194 	EXP 	stim2: color = '[1. 1. 1.] (rgb)'
214.1194 	EXP 	stim3: opacity = 1.0
214.1194 	EXP 	stim3: color = '[1. 1. 1.] (rgb)'
214.1194 	EXP 	stim4: opacity = 1.0
214.1194 	EXP 	stim4: color = '[1. 1. 1.] (rgb)'
214.1194 	EXP 	stim5: opacity = 1.0
214.1194 	EXP 	stim5: color = '[1. 1. 1.] (rgb)'
214.1194 	EXP 	stim6: opacity = 1.0
214.1194 	EXP 	stim6: color = '[1. 1. 1.] (rgb)'
214.1194 	EXP 	stim7: opacity = 1.0
214.1194 	EXP 	stim7: color = '[1. 1. 1.] (rgb)'
214.1194 	EXP 	stim8: opacity = 1.0
214.1194 	EXP 	stim8: color = '[1. 1. 1.] (rgb)'
214.1194 	EXP 	page_num: text = 10
214.1194 	EXP 	page_num: autoDraw = True
216.8213 	DATA 	Mouse: Left button down, pos=(986,434)
216.8374 	EXP 	stim1: opacity = 0.5
216.8374 	EXP 	stim1: color = '[0.136 0.14  0.141] (rgb)'
216.9995 	DATA 	Mouse:  Left button up, pos=(986,434)
228.1732 	DATA 	Mouse: Left button down, pos=(573,288)
228.1886 	EXP 	stim6: opacity = 0.5
228.1886 	EXP 	stim6: color = '[0.136 0.14  0.141] (rgb)'
228.3299 	DATA 	Mouse:  Left button up, pos=(574,285)
228.7202 	DATA 	Mouse: Left button down, pos=(710,200)
228.7365 	EXP 	stim7: opacity = 0.5
228.7365 	EXP 	stim7: color = '[0.136 0.14  0.141] (rgb)'
228.8804 	DATA 	Mouse:  Left button up, pos=(710,200)
229.7701 	DATA 	Mouse: Left button down, pos=(900,281)
229.7861 	EXP 	stim8: opacity = 0.5
229.7861 	EXP 	stim8: color = '[0.136 0.14  0.141] (rgb)'
229.9233 	DATA 	Mouse:  Left button up, pos=(900,281)
231.1863 	DATA 	Mouse: Left button down, pos=(451,459)
231.2027 	EXP 	stim5: opacity = 0.5
231.2027 	EXP 	stim5: color = '[0.136 0.14  0.141] (rgb)'
231.2639 	DATA 	Mouse:  Left button up, pos=(459,466)
232.3860 	DATA 	Mouse: Left button down, pos=(715,695)
232.4024 	EXP 	stim3: opacity = 0.5
232.4024 	EXP 	stim3: color = '[0.136 0.14  0.141] (rgb)'
232.5317 	DATA 	Mouse:  Left button up, pos=(713,695)
232.8430 	DATA 	Mouse: Left button down, pos=(600,640)
232.8581 	EXP 	stim4: opacity = 0.5
232.8581 	EXP 	stim4: color = '[0.136 0.14  0.141] (rgb)'
232.9174 	DATA 	Mouse:  Left button up, pos=(600,639)
233.3840 	DATA 	Mouse: Left button down, pos=(843,601)
233.3887 	EXP 	New trial (rep=0, index=10): OrderedDict([('ref', 'butterfly'), ('stim1', 'ladybug'), ('stim2', 'goat'), ('stim3', 'giraffe'), ('stim4', 'duck'), ('stim5', 'bluebird'), ('stim6', 'dolphin'), ('stim7', 'elephant'), ('stim8', 'hog')])
233.6761 	DATA 	Mouse:  Left button up, pos=(720,450)
234.0491 	EXP 	stim2: opacity = 0.5
234.0491 	EXP 	stim2: color = '[0.136 0.14  0.141] (rgb)'
234.0491 	EXP 	page_num: autoDraw = False
234.0491 	EXP 	stim4: pos = (0, 0)
234.0491 	EXP 	ref: name = 'ref'
234.0491 	EXP 	stim2: pos = (250.8, 0)
234.0491 	EXP 	stim1: name = 'stim1'
234.0491 	EXP 	stim4: pos = (177.3, 177.3)
234.0491 	EXP 	stim2: name = 'stim2'
234.0491 	EXP 	stim7: pos = (0, 250.8)
234.0491 	EXP 	stim3: name = 'stim3'
234.0491 	EXP 	stim7: pos = (-177.3, 177.3)
234.0491 	EXP 	stim4: name = 'stim4'
234.0491 	EXP 	stim5: pos = (-250.8, 0)
234.0491 	EXP 	stim5: name = 'stim5'
234.0491 	EXP 	stim1: pos = (-177.3, -177.3)
234.0491 	EXP 	stim6: name = 'stim6'
234.0491 	EXP 	stim6: pos = (0, -250.8)
234.0491 	EXP 	stim7: name = 'stim7'
234.0491 	EXP 	stim1: pos = (177.3, -177.3)
234.0491 	EXP 	stim8: name = 'stim8'
234.0491 	EXP 	ref: opacity = 1.0
234.0491 	EXP 	ref: color = '[1. 1. 1.] (rgb)'
234.0491 	EXP 	stim1: opacity = 1.0
234.0491 	EXP 	stim1: color = '[1. 1. 1.] (rgb)'
234.0491 	EXP 	stim2: opacity = 1.0
234.0491 	EXP 	stim2: color = '[1. 1. 1.] (rgb)'
234.0491 	EXP 	stim3: opacity = 1.0
234.0491 	EXP 	stim3: color = '[1. 1. 1.] (rgb)'
234.0491 	EXP 	stim4: opacity = 1.0
234.0491 	EXP 	stim4: color = '[1. 1. 1.] (rgb)'
234.0491 	EXP 	stim5: opacity = 1.0
234.0491 	EXP 	stim5: color = '[1. 1. 1.] (rgb)'
234.0491 	EXP 	stim6: opacity = 1.0
234.0491 	EXP 	stim6: color = '[1. 1. 1.] (rgb)'
234.0491 	EXP 	stim7: opacity = 1.0
234.0491 	EXP 	stim7: color = '[1. 1. 1.] (rgb)'
234.0491 	EXP 	stim8: opacity = 1.0
234.0491 	EXP 	stim8: color = '[1. 1. 1.] (rgb)'
234.0491 	EXP 	page_num: text = 11
234.0491 	EXP 	page_num: autoDraw = True
237.1727 	DATA 	Mouse: Left button down, pos=(975,430)
237.1885 	EXP 	stim1: opacity = 0.5
237.1885 	EXP 	stim1: color = '[0.136 0.14  0.141] (rgb)'
237.3269 	DATA 	Mouse:  Left button up, pos=(975,430)
238.9852 	DATA 	Mouse: Left button down, pos=(474,457)
239.0019 	EXP 	stim5: opacity = 0.5
239.0019 	EXP 	stim5: color = '[0.136 0.14  0.141] (rgb)'
239.0931 	DATA 	Mouse:  Left button up, pos=(474,463)
239.9025 	DATA 	Mouse: Left button down, pos=(544,627)
239.9187 	EXP 	stim4: opacity = 0.5
239.9187 	EXP 	stim4: color = '[0.136 0.14  0.141] (rgb)'
240.0645 	DATA 	Mouse:  Left button up, pos=(544,627)
241.8382 	DATA 	Mouse: Left button down, pos=(907,643)
241.8685 	EXP 	stim2: opacity = 0.5
241.8685 	EXP 	stim2: color = '[0.136 0.14  0.141] (rgb)'
241.9253 	DATA 	Mouse:  Left button up, pos=(907,643)
242.4868 	DATA 	Mouse: Left button down, pos=(903,293)
242.5021 	EXP 	stim8: opacity = 0.5
242.5021 	EXP 	stim8: color = '[0.136 0.14  0.141] (rgb)'
242.5811 	DATA 	Mouse:  Left button up, pos=(899,292)
243.1885 	DATA 	Mouse: Left button down, pos=(713,194)
243.2059 	EXP 	stim7: opacity = 0.5
243.2059 	EXP 	stim7: color = '[0.136 0.14  0.141] (rgb)'
243.2818 	DATA 	Mouse:  Left button up, pos=(713,201)
244.2389 	DATA 	Mouse: Left button down, pos=(716,706)
244.2551 	EXP 	stim3: opacity = 0.5
244.2551 	EXP 	stim3: color = '[0.136 0.14  0.141] (rgb)'
244.3463 	DATA 	Mouse:  Left button up, pos=(716,706)
244.9850 	DATA 	Mouse: Left button down, pos=(546,309)
244.9892 	EXP 	New trial (rep=0, index=11): OrderedDict([('ref', 'owl'), ('stim1', 'horse'), ('stim2', 'turtle'), ('stim3', 'tiger'), ('stim4', 'shark'), ('stim5', 'fox'), ('stim6', 'pigeon'), ('stim7', 'crocodile'), ('stim8', 'bluebird')])
245.2749 	DATA 	Mouse:  Left button up, pos=(720,450)
245.8053 	EXP 	stim6: opacity = 0.5
245.8053 	EXP 	stim6: color = '[0.136 0.14  0.141] (rgb)'
245.8053 	EXP 	page_num: autoDraw = False
245.8053 	EXP 	stim5: pos = (0, 0)
245.8053 	EXP 	ref: name = 'ref'
245.8053 	EXP 	stim7: pos = (250.8, 0)
245.8053 	EXP 	stim1: name = 'stim1'
245.8053 	EXP 	stim6: pos = (177.3, 177.3)
245.8053 	EXP 	stim2: name = 'stim2'
245.8053 	EXP 	stim1: pos = (0, 250.8)
245.8053 	EXP 	stim3: name = 'stim3'
245.8053 	EXP 	ref: pos = (-177.3, 177.3)
245.8053 	EXP 	stim4: name = 'stim4'
245.8053 	EXP 	stim8: pos = (-250.8, 0)
245.8053 	EXP 	stim5: name = 'stim5'
245.8053 	EXP 	ref: pos = (-177.3, -177.3)
245.8053 	EXP 	stim6: name = 'stim6'
245.8053 	EXP 	stim8: pos = (0, -250.8)
245.8053 	EXP 	stim7: name = 'stim7'
245.8053 	EXP 	stim5: pos = (177.3, -177.3)
245.8053 	EXP 	stim8: name = 'stim8'
245.8053 	EXP 	ref: opacity = 1.0
245.8053 	EXP 	ref: color = '[1. 1. 1.] (rgb)'
245.8053 	EXP 	stim1: opacity = 1.0
245.8053 	EXP 	stim1: color = '[1. 1. 1.] (rgb)'
245.8053 	EXP 	stim2: opacity = 1.0
245.8053 	EXP 	stim2: color = '[1. 1. 1.] (rgb)'
245.8053 	EXP 	stim3: opacity = 1.0
245.8053 	EXP 	stim3: color = '[1. 1. 1.] (rgb)'
245.8053 	EXP 	stim4: opacity = 1.0
245.8053 	EXP 	stim4: color = '[1. 1. 1.] (rgb)'
245.8053 	EXP 	stim5: opacity = 1.0
245.8053 	EXP 	stim5: color = '[1. 1. 1.] (rgb)'
245.8053 	EXP 	stim6: opacity = 1.0
245.8053 	EXP 	stim6: color = '[1. 1. 1.] (rgb)'
245.8053 	EXP 	stim7: opacity = 1.0
245.8053 	EXP 	stim7: color = '[1. 1. 1.] (rgb)'
245.8053 	EXP 	stim8: opacity = 1.0
245.8053 	EXP 	stim8: color = '[1. 1. 1.] (rgb)'
245.8053 	EXP 	page_num: text = 12
245.8053 	EXP 	page_num: autoDraw = True
248.4179 	DATA 	Mouse: Left button down, pos=(557,261)
248.4341 	EXP 	stim6: opacity = 0.5
248.4341 	EXP 	stim6: color = '[0.136 0.14  0.141] (rgb)'
248.5424 	DATA 	Mouse:  Left button up, pos=(557,262)
250.2379 	DATA 	Mouse: Left button down, pos=(884,270)
250.2528 	EXP 	stim8: opacity = 0.5
250.2528 	EXP 	stim8: color = '[0.136 0.14  0.141] (rgb)'
250.4324 	DATA 	Mouse:  Left button up, pos=(884,270)
270.3047 	DATA 	Mouse: Left button down, pos=(482,440)
270.3198 	EXP 	stim5: opacity = 0.5
270.3198 	EXP 	stim5: color = '[0.136 0.14  0.141] (rgb)'
270.4696 	DATA 	Mouse:  Left button up, pos=(483,439)
271.0005 	DATA 	Mouse: Left button down, pos=(959,445)
271.0171 	EXP 	stim1: opacity = 0.5
271.0171 	EXP 	stim1: color = '[0.136 0.14  0.141] (rgb)'
271.1151 	DATA 	Mouse:  Left button up, pos=(965,445)
271.4853 	DATA 	Mouse: Left button down, pos=(917,644)
271.5159 	EXP 	stim2: opacity = 0.5
271.5159 	EXP 	stim2: color = '[0.136 0.14  0.141] (rgb)'
271.5839 	DATA 	Mouse:  Left button up, pos=(917,641)
272.2877 	DATA 	Mouse: Left button down, pos=(714,184)
272.3028 	EXP 	stim7: opacity = 0.5
272.3028 	EXP 	stim7: color = '[0.136 0.14  0.141] (rgb)'
272.3759 	DATA 	Mouse:  Left button up, pos=(712,192)
272.9896 	DATA 	Mouse: Left button down, pos=(721,661)
273.0051 	EXP 	stim3: opacity = 0.5
273.0051 	EXP 	stim3: color = '[0.136 0.14  0.141] (rgb)'
273.0790 	DATA 	Mouse:  Left button up, pos=(719,665)
273.6011 	DATA 	Mouse: Left button down, pos=(569,616)
273.6062 	EXP 	New trial (rep=0, index=12): OrderedDict([('ref', 'crocodile'), ('stim1', 'bluebird'), ('stim2', 'snail'), ('stim3', 'rat'), ('stim4', 'snake'), ('stim5', 'ant'), ('stim6', 'horse'), ('stim7', 'giraffe'), ('stim8', 'owl')])
273.8918 	DATA 	Mouse:  Left button up, pos=(720,450)
274.2529 	EXP 	stim4: opacity = 0.5
274.2529 	EXP 	stim4: color = '[0.136 0.14  0.141] (rgb)'
274.2529 	EXP 	page_num: autoDraw = False
274.2529 	EXP 	stim7: pos = (0, 0)
274.2529 	EXP 	ref: name = 'ref'
274.2529 	EXP 	stim8: pos = (250.8, 0)
274.2529 	EXP 	stim1: name = 'stim1'
274.2529 	EXP 	stim8: pos = (177.3, 177.3)
274.2529 	EXP 	stim2: name = 'stim2'
274.2529 	EXP 	stim4: pos = (0, 250.8)
274.2529 	EXP 	stim3: name = 'stim3'
274.2529 	EXP 	ref: pos = (-177.3, 177.3)
274.2529 	EXP 	stim4: name = 'stim4'
274.2529 	EXP 	stim3: pos = (-250.8, 0)
274.2529 	EXP 	stim5: name = 'stim5'
274.2529 	EXP 	stim1: pos = (-177.3, -177.3)
274.2529 	EXP 	stim6: name = 'stim6'
274.2529 	EXP 	stim3: pos = (0, -250.8)
274.2529 	EXP 	stim7: name = 'stim7'
274.2529 	EXP 	ref: pos = (177.3, -177.3)
274.2529 	EXP 	stim8: name = 'stim8'
274.2529 	EXP 	ref: opacity = 1.0
274.2529 	EXP 	ref: color = '[1. 1. 1.] (rgb)'
274.2529 	EXP 	stim1: opacity = 1.0
274.2529 	EXP 	stim1: color = '[1. 1. 1.] (rgb)'
274.2529 	EXP 	stim2: opacity = 1.0
274.2529 	EXP 	stim2: color = '[1. 1. 1.] (rgb)'
274.2529 	EXP 	stim3: opacity = 1.0
274.2529 	EXP 	stim3: color = '[1. 1. 1.] (rgb)'
274.2529 	EXP 	stim4: opacity = 1.0
274.2529 	EXP 	stim4: color = '[1. 1. 1.] (rgb)'
274.2529 	EXP 	stim5: opacity = 1.0
274.2529 	EXP 	stim5: color = '[1. 1. 1.] (rgb)'
274.2529 	EXP 	stim6: opacity = 1.0
274.2529 	EXP 	stim6: color = '[1. 1. 1.] (rgb)'
274.2529 	EXP 	stim7: opacity = 1.0
274.2529 	EXP 	stim7: color = '[1. 1. 1.] (rgb)'
274.2529 	EXP 	stim8: opacity = 1.0
274.2529 	EXP 	stim8: color = '[1. 1. 1.] (rgb)'
274.2529 	EXP 	page_num: text = 13
274.2529 	EXP 	page_num: autoDraw = True
278.1667 	DATA 	Mouse: Left button down, pos=(544,617)
278.1826 	EXP 	stim4: opacity = 0.5
278.1826 	EXP 	stim4: color = '[0.136 0.14  0.141] (rgb)'
278.3822 	DATA 	Mouse:  Left button up, pos=(544,617)
291.0223 	DATA 	Mouse: Left button down, pos=(566,236)
291.0385 	EXP 	stim6: opacity = 0.5
291.0385 	EXP 	stim6: color = '[0.136 0.14  0.141] (rgb)'
291.1391 	DATA 	Mouse:  Left button up, pos=(566,236)
291.7019 	DATA 	Mouse: Left button down, pos=(747,177)
291.7177 	EXP 	stim7: opacity = 0.5
291.7177 	EXP 	stim7: color = '[0.136 0.14  0.141] (rgb)'
291.8101 	DATA 	Mouse:  Left button up, pos=(747,177)
293.1738 	DATA 	Mouse: Left button down, pos=(724,661)
293.2051 	EXP 	stim3: opacity = 0.5
293.2051 	EXP 	stim3: color = '[0.136 0.14  0.141] (rgb)'
293.3144 	DATA 	Mouse:  Left button up, pos=(724,660)
293.9354 	DATA 	Mouse: Left button down, pos=(444,438)
293.9510 	EXP 	stim5: opacity = 0.5
293.9510 	EXP 	stim5: color = '[0.136 0.14  0.141] (rgb)'
294.0630 	DATA 	Mouse:  Left button up, pos=(444,438)
294.8018 	DATA 	Mouse: Left button down, pos=(873,279)
294.8180 	EXP 	stim8: opacity = 0.5
294.8180 	EXP 	stim8: color = '[0.136 0.14  0.141] (rgb)'
294.9131 	DATA 	Mouse:  Left button up, pos=(874,281)
295.3205 	DATA 	Mouse: Left button down, pos=(976,425)
295.3359 	EXP 	stim1: opacity = 0.5
295.3359 	EXP 	stim1: color = '[0.136 0.14  0.141] (rgb)'
295.4317 	DATA 	Mouse:  Left button up, pos=(967,468)
295.8511 	DATA 	Mouse: Left button down, pos=(927,647)
295.8584 	EXP 	New trial (rep=0, index=13): OrderedDict([('ref', 'goat'), ('stim1', 'tiger'), ('stim2', 'lizard'), ('stim3', 'monkey'), ('stim4', 'shark'), ('stim5', 'snake'), ('stim6', 'dog'), ('stim7', 'fox'), ('stim8', 'pigeon')])
296.1459 	DATA 	Mouse:  Left button up, pos=(720,450)
296.5401 	EXP 	stim2: opacity = 0.5
296.5401 	EXP 	stim2: color = '[0.136 0.14  0.141] (rgb)'
296.5401 	EXP 	page_num: autoDraw = False
296.5401 	EXP 	stim2: pos = (0, 0)
296.5401 	EXP 	ref: name = 'ref'
296.5401 	EXP 	stim3: pos = (250.8, 0)
296.5401 	EXP 	stim1: name = 'stim1'
296.5401 	EXP 	stim5: pos = (177.3, 177.3)
296.5401 	EXP 	stim2: name = 'stim2'
296.5401 	EXP 	stim6: pos = (0, 250.8)
296.5401 	EXP 	stim3: name = 'stim3'
296.5401 	EXP 	stim4: pos = (-177.3, 177.3)
296.5401 	EXP 	stim4: name = 'stim4'
296.5401 	EXP 	stim4: pos = (-250.8, 0)
296.5401 	EXP 	stim5: name = 'stim5'
296.5401 	EXP 	stim2: pos = (-177.3, -177.3)
296.5401 	EXP 	stim6: name = 'stim6'
296.5401 	EXP 	stim5: pos = (0, -250.8)
296.5401 	EXP 	stim7: name = 'stim7'
296.5401 	EXP 	stim6: pos = (177.3, -177.3)
296.5401 	EXP 	stim8: name = 'stim8'
296.5401 	EXP 	ref: opacity = 1.0
296.5401 	EXP 	ref: color = '[1. 1. 1.] (rgb)'
296.5401 	EXP 	stim1: opacity = 1.0
296.5401 	EXP 	stim1: color = '[1. 1. 1.] (rgb)'
296.5401 	EXP 	stim2: opacity = 1.0
296.5401 	EXP 	stim2: color = '[1. 1. 1.] (rgb)'
296.5401 	EXP 	stim3: opacity = 1.0
296.5401 	EXP 	stim3: color = '[1. 1. 1.] (rgb)'
296.5401 	EXP 	stim4: opacity = 1.0
296.5401 	EXP 	stim4: color = '[1. 1. 1.] (rgb)'
296.5401 	EXP 	stim5: opacity = 1.0
296.5401 	EXP 	stim5: color = '[1. 1. 1.] (rgb)'
296.5401 	EXP 	stim6: opacity = 1.0
296.5401 	EXP 	stim6: color = '[1. 1. 1.] (rgb)'
296.5401 	EXP 	stim7: opacity = 1.0
296.5401 	EXP 	stim7: color = '[1. 1. 1.] (rgb)'
296.5401 	EXP 	stim8: opacity = 1.0
296.5401 	EXP 	stim8: color = '[1. 1. 1.] (rgb)'
296.5401 	EXP 	page_num: text = 14
296.5401 	EXP 	page_num: autoDraw = True
300.2511 	DATA 	Mouse: Left button down, pos=(527,262)
300.2675 	EXP 	stim6: opacity = 0.5
300.2675 	EXP 	stim6: color = '[0.136 0.14  0.141] (rgb)'
300.3492 	DATA 	Mouse:  Left button up, pos=(529,262)
300.8023 	DATA 	Mouse: Left button down, pos=(731,196)
300.8197 	EXP 	stim7: opacity = 0.5
300.8197 	EXP 	stim7: color = '[0.136 0.14  0.141] (rgb)'
300.9264 	DATA 	Mouse:  Left button up, pos=(731,197)
301.9030 	DATA 	Mouse: Left button down, pos=(977,422)
301.9190 	EXP 	stim1: opacity = 0.5
301.9190 	EXP 	stim1: color = '[0.136 0.14  0.141] (rgb)'
302.0158 	DATA 	Mouse:  Left button up, pos=(971,434)
302.4696 	DATA 	Mouse: Left button down, pos=(673,676)
302.5015 	EXP 	stim3: opacity = 0.5
302.5015 	EXP 	stim3: color = '[0.136 0.14  0.141] (rgb)'
302.6136 	DATA 	Mouse:  Left button up, pos=(674,675)
304.1857 	DATA 	Mouse: Left button down, pos=(909,606)
304.2008 	EXP 	stim2: opacity = 0.5
304.2008 	EXP 	stim2: color = '[0.136 0.14  0.141] (rgb)'
304.2961 	DATA 	Mouse:  Left button up, pos=(909,606)
304.8004 	DATA 	Mouse: Left button down, pos=(482,431)
304.8162 	EXP 	stim5: opacity = 0.5
304.8162 	EXP 	stim5: color = '[0.136 0.14  0.141] (rgb)'
304.9332 	DATA 	Mouse:  Left button up, pos=(523,420)
305.5114 	DATA 	Mouse: Left button down, pos=(891,259)
305.5245 	EXP 	stim8: opacity = 0.5
305.5245 	EXP 	stim8: color = '[0.136 0.14  0.141] (rgb)'
305.7696 	DATA 	Mouse:  Left button up, pos=(893,259)
306.6393 	DATA 	Mouse: Left button down, pos=(572,612)
306.6466 	EXP 	New trial (rep=0, index=14): OrderedDict([('ref', 'turtle'), ('stim1', 'monkey'), ('stim2', 'ladybug'), ('stim3', 'dolphin'), ('stim4', 'tiger'), ('stim5', 'mouse'), ('stim6', 'fox'), ('stim7', 'bat'), ('stim8', 'frog')])
306.9332 	DATA 	Mouse:  Left button up, pos=(720,450)
307.3507 	EXP 	stim4: opacity = 0.5
307.3507 	EXP 	stim4: color = '[0.136 0.14  0.141] (rgb)'
307.3507 	EXP 	page_num: autoDraw = False
307.3507 	EXP 	stim2: pos = (0, 0)
307.3507 	EXP 	ref: name = 'ref'
307.3507 	EXP 	stim3: pos = (250.8, 0)
307.3507 	EXP 	stim1: name = 'stim1'
307.3507 	EXP 	stim1: pos = (177.3, 177.3)
307.3507 	EXP 	stim2: name = 'stim2'
307.3507 	EXP 	stim6: pos = (0, 250.8)
307.3507 	EXP 	stim3: name = 'stim3'
307.3507 	EXP 	stim1: pos = (-177.3, 177.3)
307.3507 	EXP 	stim4: name = 'stim4'
307.3507 	EXP 	stim5: pos = (-250.8, 0)
307.3507 	EXP 	stim5: name = 'stim5'
307.3507 	EXP 	stim7: pos = (-177.3, -177.3)
307.3507 	EXP 	stim6: name = 'stim6'
307.3507 	EXP 	stim8: pos = (0, -250.8)
307.3507 	EXP 	stim7: name = 'stim7'
307.3507 	EXP 	unnamed ImageStim: pos = (177.3, -177.3)
307.3507 	EXP 	stim8: name = 'stim8'
307.3507 	EXP 	ref: opacity = 1.0
307.3507 	EXP 	ref: color = '[1. 1. 1.] (rgb)'
307.3507 	EXP 	stim1: opacity = 1.0
307.3507 	EXP 	stim1: color = '[1. 1. 1.] (rgb)'
307.3507 	EXP 	stim2: opacity = 1.0
307.3507 	EXP 	stim2: color = '[1. 1. 1.] (rgb)'
307.3507 	EXP 	stim3: opacity = 1.0
307.3507 	EXP 	stim3: color = '[1. 1. 1.] (rgb)'
307.3507 	EXP 	stim4: opacity = 1.0
307.3507 	EXP 	stim4: color = '[1. 1. 1.] (rgb)'
307.3507 	EXP 	stim5: opacity = 1.0
307.3507 	EXP 	stim5: color = '[1. 1. 1.] (rgb)'
307.3507 	EXP 	stim6: opacity = 1.0
307.3507 	EXP 	stim6: color = '[1. 1. 1.] (rgb)'
307.3507 	EXP 	stim7: opacity = 1.0
307.3507 	EXP 	stim7: color = '[1. 1. 1.] (rgb)'
307.3507 	EXP 	stim8: opacity = 1.0
307.3507 	EXP 	stim8: color = '[1. 1. 1.] (rgb)'
307.3507 	EXP 	page_num: text = 15
307.3507 	EXP 	page_num: autoDraw = True
309.0338 	DATA 	Mouse: Left button down, pos=(874,286)
309.0499 	EXP 	stim8: opacity = 0.5
309.0499 	EXP 	stim8: color = '[0.136 0.14  0.141] (rgb)'
309.1513 	DATA 	Mouse:  Left button up, pos=(874,286)
320.9904 	DATA 	Mouse: Left button down, pos=(914,606)
321.0210 	EXP 	stim2: opacity = 0.5
321.0210 	EXP 	stim2: color = '[0.136 0.14  0.141] (rgb)'
321.1656 	DATA 	Mouse:  Left button up, pos=(914,606)
339.0223 	DATA 	Mouse: Left button down, pos=(483,439)
339.0525 	EXP 	stim5: opacity = 0.5
339.0525 	EXP 	stim5: color = '[0.136 0.14  0.141] (rgb)'
339.2139 	DATA 	Mouse:  Left button up, pos=(483,439)
342.1024 	DATA 	Mouse: Left button down, pos=(556,280)
342.1175 	EXP 	stim6: opacity = 0.5
342.1175 	EXP 	stim6: color = '[0.136 0.14  0.141] (rgb)'
342.2297 	DATA 	Mouse:  Left button up, pos=(556,280)
342.6245 	DATA 	Mouse: Left button down, pos=(731,196)
342.6393 	EXP 	stim7: opacity = 0.5
342.6393 	EXP 	stim7: color = '[0.136 0.14  0.141] (rgb)'
342.7169 	DATA 	Mouse:  Left button up, pos=(733,201)
343.2843 	DATA 	Mouse: Left button down, pos=(725,719)
343.3012 	EXP 	stim3: opacity = 0.5
343.3012 	EXP 	stim3: color = '[0.136 0.14  0.141] (rgb)'
343.3738 	DATA 	Mouse:  Left button up, pos=(725,718)
344.5110 	DATA 	Mouse: Left button down, pos=(986,416)
344.5243 	EXP 	stim1: opacity = 0.5
344.5243 	EXP 	stim1: color = '[0.136 0.14  0.141] (rgb)'
344.6008 	DATA 	Mouse:  Left button up, pos=(970,426)
345.0338 	DATA 	Mouse: Left button down, pos=(556,636)
345.0381 	EXP 	New trial (rep=0, index=15): OrderedDict([('ref', 'cat'), ('stim1', 'crocodile'), ('stim2', 'mouse'), ('stim3', 'frog'), ('stim4', 'goldfish'), ('stim5', 'lizard'), ('stim6', 'ladybug'), ('stim7', 'duck'), ('stim8', 'sparrow')])
345.3247 	DATA 	Mouse:  Left button up, pos=(720,450)
345.7173 	EXP 	stim4: opacity = 0.5
345.7173 	EXP 	stim4: color = '[0.136 0.14  0.141] (rgb)'
345.7173 	EXP 	page_num: autoDraw = False
345.7173 	EXP 	stim2: pos = (0, 0)
345.7173 	EXP 	ref: name = 'ref'
345.7173 	EXP 	ref: pos = (250.8, 0)
345.7173 	EXP 	stim1: name = 'stim1'
345.7173 	EXP 	stim5: pos = (177.3, 177.3)
345.7173 	EXP 	stim2: name = 'stim2'
345.7173 	EXP 	stim8: pos = (0, 250.8)
345.7173 	EXP 	stim3: name = 'stim3'
345.7173 	EXP 	stim2: pos = (-177.3, 177.3)
345.7173 	EXP 	stim4: name = 'stim4'
345.7173 	EXP 	stim2: pos = (-250.8, 0)
345.7173 	EXP 	stim5: name = 'stim5'
345.7173 	EXP 	stim2: pos = (-177.3, -177.3)
345.7173 	EXP 	stim6: name = 'stim6'
345.7173 	EXP 	stim4: pos = (0, -250.8)
345.7173 	EXP 	stim7: name = 'stim7'
345.7173 	EXP 	stim2: pos = (177.3, -177.3)
345.7173 	EXP 	stim8: name = 'stim8'
345.7173 	EXP 	ref: opacity = 1.0
345.7173 	EXP 	ref: color = '[1. 1. 1.] (rgb)'
345.7173 	EXP 	stim1: opacity = 1.0
345.7173 	EXP 	stim1: color = '[1. 1. 1.] (rgb)'
345.7173 	EXP 	stim2: opacity = 1.0
345.7173 	EXP 	stim2: color = '[1. 1. 1.] (rgb)'
345.7173 	EXP 	stim3: opacity = 1.0
345.7173 	EXP 	stim3: color = '[1. 1. 1.] (rgb)'
345.7173 	EXP 	stim4: opacity = 1.0
345.7173 	EXP 	stim4: color = '[1. 1. 1.] (rgb)'
345.7173 	EXP 	stim5: opacity = 1.0
345.7173 	EXP 	stim5: color = '[1. 1. 1.] (rgb)'
345.7173 	EXP 	stim6: opacity = 1.0
345.7173 	EXP 	stim6: color = '[1. 1. 1.] (rgb)'
345.7173 	EXP 	stim7: opacity = 1.0
345.7173 	EXP 	stim7: color = '[1. 1. 1.] (rgb)'
345.7173 	EXP 	stim8: opacity = 1.0
345.7173 	EXP 	stim8: color = '[1. 1. 1.] (rgb)'
345.7173 	EXP 	page_num: text = 16
345.7173 	EXP 	page_num: autoDraw = True
358.0008 	DATA 	Mouse: Left button down, pos=(919,649)
358.0160 	EXP 	stim2: opacity = 0.5
358.0160 	EXP 	stim2: color = '[0.136 0.14  0.141] (rgb)'
358.1927 	DATA 	Mouse:  Left button up, pos=(919,649)
363.9172 	DATA 	Mouse: Left button down, pos=(961,436)
363.9330 	EXP 	stim1: opacity = 0.5
363.9330 	EXP 	stim1: color = '[0.136 0.14  0.141] (rgb)'
364.0869 	DATA 	Mouse:  Left button up, pos=(961,436)
364.8333 	DATA 	Mouse: Left button down, pos=(495,442)
364.8509 	EXP 	stim5: opacity = 0.5
364.8509 	EXP 	stim5: color = '[0.136 0.14  0.141] (rgb)'
364.9953 	DATA 	Mouse:  Left button up, pos=(495,442)
368.4697 	DATA 	Mouse: Left button down, pos=(745,192)
368.5025 	EXP 	stim7: opacity = 0.5
368.5025 	EXP 	stim7: color = '[0.136 0.14  0.141] (rgb)'
368.5808 	DATA 	Mouse:  Left button up, pos=(742,222)
369.4514 	DATA 	Mouse: Left button down, pos=(728,695)
369.4668 	EXP 	stim3: opacity = 0.5
369.4668 	EXP 	stim3: color = '[0.136 0.14  0.141] (rgb)'
369.5933 	DATA 	Mouse:  Left button up, pos=(731,693)
372.1840 	DATA 	Mouse: Left button down, pos=(883,245)
372.2003 	EXP 	stim8: opacity = 0.5
372.2003 	EXP 	stim8: color = '[0.136 0.14  0.141] (rgb)'
372.3170 	DATA 	Mouse:  Left button up, pos=(882,245)
372.8000 	DATA 	Mouse: Left button down, pos=(569,258)
372.8164 	EXP 	stim6: opacity = 0.5
372.8164 	EXP 	stim6: color = '[0.136 0.14  0.141] (rgb)'
372.8722 	DATA 	Mouse:  Left button up, pos=(559,282)
373.3194 	DATA 	Mouse: Left button down, pos=(538,642)
373.3241 	EXP 	New trial (rep=0, index=16): OrderedDict([('ref', 'elephant'), ('stim1', 'lizard'), ('stim2', 'hog'), ('stim3', 'ant'), ('stim4', 'ladybug'), ('stim5', 'whale'), ('stim6', 'cat'), ('stim7', 'turkey'), ('stim8', 'goat')])
373.6107 	DATA 	Mouse:  Left button up, pos=(720,450)
374.0593 	EXP 	stim4: opacity = 0.5
374.0593 	EXP 	stim4: color = '[0.136 0.14  0.141] (rgb)'
374.0593 	EXP 	page_num: autoDraw = False
374.0593 	EXP 	stim7: pos = (0, 0)
374.0593 	EXP 	ref: name = 'ref'
374.0593 	EXP 	stim5: pos = (250.8, 0)
374.0593 	EXP 	stim1: name = 'stim1'
374.0593 	EXP 	stim8: pos = (177.3, 177.3)
374.0593 	EXP 	stim2: name = 'stim2'
374.0593 	EXP 	stim5: pos = (0, 250.8)
374.0593 	EXP 	stim3: name = 'stim3'
374.0593 	EXP 	stim6: pos = (-177.3, 177.3)
374.0593 	EXP 	stim4: name = 'stim4'
374.0593 	EXP 	stim5: pos = (-250.8, 0)
374.0593 	EXP 	stim5: name = 'stim5'
374.0593 	EXP 	ref: pos = (-177.3, -177.3)
374.0593 	EXP 	stim6: name = 'stim6'
374.0593 	EXP 	stim6: pos = (0, -250.8)
374.0593 	EXP 	stim7: name = 'stim7'
374.0593 	EXP 	ref: pos = (177.3, -177.3)
374.0593 	EXP 	stim8: name = 'stim8'
374.0593 	EXP 	ref: opacity = 1.0
374.0593 	EXP 	ref: color = '[1. 1. 1.] (rgb)'
374.0593 	EXP 	stim1: opacity = 1.0
374.0593 	EXP 	stim1: color = '[1. 1. 1.] (rgb)'
374.0593 	EXP 	stim2: opacity = 1.0
374.0593 	EXP 	stim2: color = '[1. 1. 1.] (rgb)'
374.0593 	EXP 	stim3: opacity = 1.0
374.0593 	EXP 	stim3: color = '[1. 1. 1.] (rgb)'
374.0593 	EXP 	stim4: opacity = 1.0
374.0593 	EXP 	stim4: color = '[1. 1. 1.] (rgb)'
374.0593 	EXP 	stim5: opacity = 1.0
374.0593 	EXP 	stim5: color = '[1. 1. 1.] (rgb)'
374.0593 	EXP 	stim6: opacity = 1.0
374.0593 	EXP 	stim6: color = '[1. 1. 1.] (rgb)'
374.0593 	EXP 	stim7: opacity = 1.0
374.0593 	EXP 	stim7: color = '[1. 1. 1.] (rgb)'
374.0593 	EXP 	stim8: opacity = 1.0
374.0593 	EXP 	stim8: color = '[1. 1. 1.] (rgb)'
374.0593 	EXP 	page_num: text = 17
374.0593 	EXP 	page_num: autoDraw = True
378.6024 	DATA 	Mouse: Left button down, pos=(922,661)
378.6185 	EXP 	stim2: opacity = 0.5
378.6185 	EXP 	stim2: color = '[0.136 0.14  0.141] (rgb)'
378.7740 	DATA 	Mouse:  Left button up, pos=(922,661)
379.8222 	DATA 	Mouse: Left button down, pos=(538,268)
379.8519 	EXP 	stim6: opacity = 0.5
379.8519 	EXP 	stim6: color = '[0.136 0.14  0.141] (rgb)'
379.9604 	DATA 	Mouse:  Left button up, pos=(538,268)
381.3181 	DATA 	Mouse: Left button down, pos=(872,266)
381.3342 	EXP 	stim8: opacity = 0.5
381.3342 	EXP 	stim8: color = '[0.136 0.14  0.141] (rgb)'
381.4467 	DATA 	Mouse:  Left button up, pos=(872,267)
382.1018 	DATA 	Mouse: Left button down, pos=(468,459)
382.1167 	EXP 	stim5: opacity = 0.5
382.1167 	EXP 	stim5: color = '[0.136 0.14  0.141] (rgb)'
382.2463 	DATA 	Mouse:  Left button up, pos=(468,459)
384.5873 	DATA 	Mouse: Left button down, pos=(976,459)
384.6034 	EXP 	stim1: opacity = 0.5
384.6034 	EXP 	stim1: color = '[0.136 0.14  0.141] (rgb)'
384.6783 	DATA 	Mouse:  Left button up, pos=(976,457)
385.1362 	DATA 	Mouse: Left button down, pos=(715,233)
385.1518 	EXP 	stim7: opacity = 0.5
385.1518 	EXP 	stim7: color = '[0.136 0.14  0.141] (rgb)'
385.2281 	DATA 	Mouse:  Left button up, pos=(718,275)
385.7848 	DATA 	Mouse: Left button down, pos=(678,686)
385.8010 	EXP 	stim3: opacity = 0.5
385.8010 	EXP 	stim3: color = '[0.136 0.14  0.141] (rgb)'
385.9133 	DATA 	Mouse:  Left button up, pos=(683,687)
386.5504 	DATA 	Mouse: Left button down, pos=(580,605)
386.5544 	EXP 	New trial (rep=0, index=17): OrderedDict([('ref', 'pigeon'), ('stim1', 'elephant'), ('stim2', 'mouse'), ('stim3', 'crocodile'), ('stim4', 'bluebird'), ('stim5', 'bear'), ('stim6', 'owl'), ('stim7', 'turkey'), ('stim8', 'shark')])
386.8410 	DATA 	Mouse:  Left button up, pos=(720,450)
387.2309 	EXP 	stim4: opacity = 0.5
387.2309 	EXP 	stim4: color = '[0.136 0.14  0.141] (rgb)'
387.2309 	EXP 	page_num: autoDraw = False
387.2309 	EXP 	stim8: pos = (0, 0)
387.2309 	EXP 	ref: name = 'ref'
387.2309 	EXP 	ref: pos = (250.8, 0)
387.2309 	EXP 	stim1: name = 'stim1'
387.2309 	EXP 	stim2: pos = (177.3, 177.3)
387.2309 	EXP 	stim2: name = 'stim2'
387.2309 	EXP 	stim1: pos = (0, 250.8)
387.2309 	EXP 	stim3: name = 'stim3'
387.2309 	EXP 	stim1: pos = (-177.3, 177.3)
387.2309 	EXP 	stim4: name = 'stim4'
387.2309 	EXP 	stim3: pos = (-250.8, 0)
387.2309 	EXP 	stim5: name = 'stim5'
387.2309 	EXP 	stim8: pos = (-177.3, -177.3)
387.2309 	EXP 	stim6: name = 'stim6'
387.2309 	EXP 	stim7: pos = (0, -250.8)
387.2309 	EXP 	stim7: name = 'stim7'
387.2309 	EXP 	stim4: pos = (177.3, -177.3)
387.2309 	EXP 	stim8: name = 'stim8'
387.2309 	EXP 	ref: opacity = 1.0
387.2309 	EXP 	ref: color = '[1. 1. 1.] (rgb)'
387.2309 	EXP 	stim1: opacity = 1.0
387.2309 	EXP 	stim1: color = '[1. 1. 1.] (rgb)'
387.2309 	EXP 	stim2: opacity = 1.0
387.2309 	EXP 	stim2: color = '[1. 1. 1.] (rgb)'
387.2309 	EXP 	stim3: opacity = 1.0
387.2309 	EXP 	stim3: color = '[1. 1. 1.] (rgb)'
387.2309 	EXP 	stim4: opacity = 1.0
387.2309 	EXP 	stim4: color = '[1. 1. 1.] (rgb)'
387.2309 	EXP 	stim5: opacity = 1.0
387.2309 	EXP 	stim5: color = '[1. 1. 1.] (rgb)'
387.2309 	EXP 	stim6: opacity = 1.0
387.2309 	EXP 	stim6: color = '[1. 1. 1.] (rgb)'
387.2309 	EXP 	stim7: opacity = 1.0
387.2309 	EXP 	stim7: color = '[1. 1. 1.] (rgb)'
387.2309 	EXP 	stim8: opacity = 1.0
387.2309 	EXP 	stim8: color = '[1. 1. 1.] (rgb)'
387.2309 	EXP 	page_num: text = 18
387.2309 	EXP 	page_num: autoDraw = True
391.9539 	DATA 	Mouse: Left button down, pos=(548,626)
391.9702 	EXP 	stim4: opacity = 0.5
391.9702 	EXP 	stim4: color = '[0.136 0.14  0.141] (rgb)'
392.0640 	DATA 	Mouse:  Left button up, pos=(544,583)
392.4888 	DATA 	Mouse: Left button down, pos=(526,296)
392.5044 	EXP 	stim6: opacity = 0.5
392.5044 	EXP 	stim6: color = '[0.136 0.14  0.141] (rgb)'
392.5801 	DATA 	Mouse:  Left button up, pos=(527,295)
393.3741 	DATA 	Mouse: Left button down, pos=(695,224)
393.3886 	EXP 	stim7: opacity = 0.5
393.3886 	EXP 	stim7: color = '[0.136 0.14  0.141] (rgb)'
393.4970 	DATA 	Mouse:  Left button up, pos=(695,224)
394.9203 	DATA 	Mouse: Left button down, pos=(874,632)
394.9361 	EXP 	stim2: opacity = 0.5
394.9361 	EXP 	stim2: color = '[0.136 0.14  0.141] (rgb)'
395.0469 	DATA 	Mouse:  Left button up, pos=(880,630)
398.7555 	DATA 	Mouse: Left button down, pos=(976,457)
398.7712 	EXP 	stim1: opacity = 0.5
398.7712 	EXP 	stim1: color = '[0.136 0.14  0.141] (rgb)'
398.8800 	DATA 	Mouse:  Left button up, pos=(966,458)
399.4004 	DATA 	Mouse: Left button down, pos=(475,451)
399.4150 	EXP 	stim5: opacity = 0.5
399.4150 	EXP 	stim5: color = '[0.136 0.14  0.141] (rgb)'
399.4918 	DATA 	Mouse:  Left button up, pos=(508,483)
399.8833 	DATA 	Mouse: Left button down, pos=(696,687)
399.9001 	EXP 	stim3: opacity = 0.5
399.9001 	EXP 	stim3: color = '[0.136 0.14  0.141] (rgb)'
399.9901 	DATA 	Mouse:  Left button up, pos=(711,660)
400.5828 	DATA 	Mouse: Left button down, pos=(882,291)
400.5869 	EXP 	New trial (rep=0, index=18): OrderedDict([('ref', 'frog'), ('stim1', 'butterfly'), ('stim2', 'goldfish'), ('stim3', 'snail'), ('stim4', 'spider'), ('stim5', 'dog'), ('stim6', 'fox'), ('stim7', 'sheep'), ('stim8', 'lizard')])
400.8723 	DATA 	Mouse:  Left button up, pos=(720,450)
401.2333 	EXP 	stim8: opacity = 0.5
401.2333 	EXP 	stim8: color = '[0.136 0.14  0.141] (rgb)'
401.2333 	EXP 	page_num: autoDraw = False
401.2333 	EXP 	stim3: pos = (0, 0)
401.2333 	EXP 	ref: name = 'ref'
401.2333 	EXP 	ref: pos = (250.8, 0)
401.2333 	EXP 	stim1: name = 'stim1'
401.2333 	EXP 	stim4: pos = (177.3, 177.3)
401.2333 	EXP 	stim2: name = 'stim2'
401.2333 	EXP 	stim2: pos = (0, 250.8)
401.2333 	EXP 	stim3: name = 'stim3'
401.2333 	EXP 	stim3: pos = (-177.3, 177.3)
401.2333 	EXP 	stim4: name = 'stim4'
401.2333 	EXP 	stim6: pos = (-250.8, 0)
401.2333 	EXP 	stim5: name = 'stim5'
401.2333 	EXP 	stim6: pos = (-177.3, -177.3)
401.2333 	EXP 	stim6: name = 'stim6'
401.2333 	EXP 	ref: pos = (0, -250.8)
401.2333 	EXP 	stim7: name = 'stim7'
401.2333 	EXP 	stim1: pos = (177.3, -177.3)
401.2333 	EXP 	stim8: name = 'stim8'
401.2333 	EXP 	ref: opacity = 1.0
401.2333 	EXP 	ref: color = '[1. 1. 1.] (rgb)'
401.2333 	EXP 	stim1: opacity = 1.0
401.2333 	EXP 	stim1: color = '[1. 1. 1.] (rgb)'
401.2333 	EXP 	stim2: opacity = 1.0
401.2333 	EXP 	stim2: color = '[1. 1. 1.] (rgb)'
401.2333 	EXP 	stim3: opacity = 1.0
401.2333 	EXP 	stim3: color = '[1. 1. 1.] (rgb)'
401.2333 	EXP 	stim4: opacity = 1.0
401.2333 	EXP 	stim4: color = '[1. 1. 1.] (rgb)'
401.2333 	EXP 	stim5: opacity = 1.0
401.2333 	EXP 	stim5: color = '[1. 1. 1.] (rgb)'
401.2333 	EXP 	stim6: opacity = 1.0
401.2333 	EXP 	stim6: color = '[1. 1. 1.] (rgb)'
401.2333 	EXP 	stim7: opacity = 1.0
401.2333 	EXP 	stim7: color = '[1. 1. 1.] (rgb)'
401.2333 	EXP 	stim8: opacity = 1.0
401.2333 	EXP 	stim8: color = '[1. 1. 1.] (rgb)'
401.2333 	EXP 	page_num: text = 19
401.2333 	EXP 	page_num: autoDraw = True
405.5682 	DATA 	Mouse: Left button down, pos=(907,239)
405.5845 	EXP 	stim8: opacity = 0.5
405.5845 	EXP 	stim8: color = '[0.136 0.14  0.141] (rgb)'
405.7116 	DATA 	Mouse:  Left button up, pos=(907,239)
411.6482 	DATA 	Mouse: Left button down, pos=(734,710)
411.6643 	EXP 	stim3: opacity = 0.5
411.6643 	EXP 	stim3: color = '[0.136 0.14  0.141] (rgb)'
411.7651 	DATA 	Mouse:  Left button up, pos=(734,710)
412.3842 	DATA 	Mouse: Left button down, pos=(882,625)
412.4005 	EXP 	stim2: opacity = 0.5
412.4005 	EXP 	stim2: color = '[0.136 0.14  0.141] (rgb)'
412.5276 	DATA 	Mouse:  Left button up, pos=(882,625)
415.6682 	DATA 	Mouse: Left button down, pos=(685,227)
415.6847 	EXP 	stim7: opacity = 0.5
415.6847 	EXP 	stim7: color = '[0.136 0.14  0.141] (rgb)'
415.7923 	DATA 	Mouse:  Left button up, pos=(673,242)
416.1500 	DATA 	Mouse: Left button down, pos=(465,430)
416.1647 	EXP 	stim5: opacity = 0.5
416.1647 	EXP 	stim5: color = '[0.136 0.14  0.141] (rgb)'
416.2967 	DATA 	Mouse:  Left button up, pos=(469,418)
416.6359 	DATA 	Mouse: Left button down, pos=(505,284)
416.6528 	EXP 	stim6: opacity = 0.5
416.6528 	EXP 	stim6: color = '[0.136 0.14  0.141] (rgb)'
416.7790 	DATA 	Mouse:  Left button up, pos=(505,284)
417.5672 	DATA 	Mouse: Left button down, pos=(538,610)
417.5842 	EXP 	stim4: opacity = 0.5
417.5842 	EXP 	stim4: color = '[0.136 0.14  0.141] (rgb)'
417.6791 	DATA 	Mouse:  Left button up, pos=(577,608)
418.1508 	DATA 	Mouse: Left button down, pos=(975,440)
418.1550 	EXP 	New trial (rep=0, index=19): OrderedDict([('ref', 'ladybug'), ('stim1', 'turkey'), ('stim2', 'butterfly'), ('stim3', 'crocodile'), ('stim4', 'horse'), ('stim5', 'bluebird'), ('stim6', 'cow'), ('stim7', 'goldfish'), ('stim8', 'sparrow')])
418.4424 	DATA 	Mouse:  Left button up, pos=(720,450)
418.8000 	EXP 	stim1: opacity = 0.5
418.8000 	EXP 	stim1: color = '[0.136 0.14  0.141] (rgb)'
418.8000 	EXP 	page_num: autoDraw = False
418.8000 	EXP 	stim4: pos = (0, 0)
418.8000 	EXP 	ref: name = 'ref'
418.8000 	EXP 	stim7: pos = (250.8, 0)
418.8000 	EXP 	stim1: name = 'stim1'
418.8000 	EXP 	stim1: pos = (177.3, 177.3)
418.8000 	EXP 	stim2: name = 'stim2'
418.8000 	EXP 	stim3: pos = (0, 250.8)
418.8000 	EXP 	stim3: name = 'stim3'
418.8000 	EXP 	stim6: pos = (-177.3, 177.3)
418.8000 	EXP 	stim4: name = 'stim4'
418.8000 	EXP 	stim4: pos = (-250.8, 0)
418.8000 	EXP 	stim5: name = 'stim5'
418.8000 	EXP 	stim1: pos = (-177.3, -177.3)
418.8000 	EXP 	stim6: name = 'stim6'
418.8000 	EXP 	stim2: pos = (0, -250.8)
418.8000 	EXP 	stim7: name = 'stim7'
418.8000 	EXP 	stim8: pos = (177.3, -177.3)
418.8000 	EXP 	stim8: name = 'stim8'
418.8000 	EXP 	ref: opacity = 1.0
418.8000 	EXP 	ref: color = '[1. 1. 1.] (rgb)'
418.8000 	EXP 	stim1: opacity = 1.0
418.8000 	EXP 	stim1: color = '[1. 1. 1.] (rgb)'
418.8000 	EXP 	stim2: opacity = 1.0
418.8000 	EXP 	stim2: color = '[1. 1. 1.] (rgb)'
418.8000 	EXP 	stim3: opacity = 1.0
418.8000 	EXP 	stim3: color = '[1. 1. 1.] (rgb)'
418.8000 	EXP 	stim4: opacity = 1.0
418.8000 	EXP 	stim4: color = '[1. 1. 1.] (rgb)'
418.8000 	EXP 	stim5: opacity = 1.0
418.8000 	EXP 	stim5: color = '[1. 1. 1.] (rgb)'
418.8000 	EXP 	stim6: opacity = 1.0
418.8000 	EXP 	stim6: color = '[1. 1. 1.] (rgb)'
418.8000 	EXP 	stim7: opacity = 1.0
418.8000 	EXP 	stim7: color = '[1. 1. 1.] (rgb)'
418.8000 	EXP 	stim8: opacity = 1.0
418.8000 	EXP 	stim8: color = '[1. 1. 1.] (rgb)'
418.8000 	EXP 	page_num: text = 20
418.8000 	EXP 	page_num: autoDraw = True
421.3812 	DATA 	Mouse: Left button down, pos=(929,593)
421.3981 	EXP 	stim2: opacity = 0.5
421.3981 	EXP 	stim2: color = '[0.136 0.14  0.141] (rgb)'
421.5366 	DATA 	Mouse:  Left button up, pos=(929,593)
427.3521 	DATA 	Mouse: Left button down, pos=(460,458)
427.3697 	EXP 	stim5: opacity = 0.5
427.3697 	EXP 	stim5: color = '[0.136 0.14  0.141] (rgb)'
427.4624 	DATA 	Mouse:  Left button up, pos=(460,459)
430.4375 	DATA 	Mouse: Left button down, pos=(933,285)
430.4515 	EXP 	stim8: opacity = 0.5
430.4515 	EXP 	stim8: color = '[0.136 0.14  0.141] (rgb)'
430.5572 	DATA 	Mouse:  Left button up, pos=(933,285)
433.2524 	DATA 	Mouse: Left button down, pos=(968,444)
433.2678 	EXP 	stim1: opacity = 0.5
433.2678 	EXP 	stim1: color = '[0.136 0.14  0.141] (rgb)'
433.3778 	DATA 	Mouse:  Left button up, pos=(968,443)
433.9201 	DATA 	Mouse: Left button down, pos=(723,215)
433.9357 	EXP 	stim7: opacity = 0.5
433.9357 	EXP 	stim7: color = '[0.136 0.14  0.141] (rgb)'
434.0257 	DATA 	Mouse:  Left button up, pos=(723,219)
434.6165 	DATA 	Mouse: Left button down, pos=(731,693)
434.6327 	EXP 	stim3: opacity = 0.5
434.6327 	EXP 	stim3: color = '[0.136 0.14  0.141] (rgb)'
434.7396 	DATA 	Mouse:  Left button up, pos=(731,693)
435.8341 	DATA 	Mouse: Left button down, pos=(535,250)
435.8504 	EXP 	stim6: opacity = 0.5
435.8504 	EXP 	stim6: color = '[0.136 0.14  0.141] (rgb)'
435.9797 	DATA 	Mouse:  Left button up, pos=(534,264)
436.4329 	DATA 	Mouse: Left button down, pos=(539,580)
436.4402 	EXP 	New trial (rep=0, index=20): OrderedDict([('ref', 'hog'), ('stim1', 'cow'), ('stim2', 'snake'), ('stim3', 'spider'), ('stim4', 'bluebird'), ('stim5', 'dog'), ('stim6', 'crocodile'), ('stim7', 'elephant'), ('stim8', 'ant')])
436.7277 	DATA 	Mouse:  Left button up, pos=(720,450)
437.0054 	EXP 	stim4: opacity = 0.5
437.0054 	EXP 	stim4: color = '[0.136 0.14  0.141] (rgb)'
437.0054 	EXP 	page_num: autoDraw = False
437.0054 	EXP 	stim2: pos = (0, 0)
437.0054 	EXP 	ref: name = 'ref'
437.0054 	EXP 	stim6: pos = (250.8, 0)
437.0054 	EXP 	stim1: name = 'stim1'
437.0054 	EXP 	stim5: pos = (177.3, 177.3)
437.0054 	EXP 	stim2: name = 'stim2'
437.0054 	EXP 	stim4: pos = (0, 250.8)
437.0054 	EXP 	stim3: name = 'stim3'
437.0054 	EXP 	stim5: pos = (-177.3, 177.3)
437.0054 	EXP 	stim4: name = 'stim4'
437.0054 	EXP 	stim5: pos = (-250.8, 0)
437.0054 	EXP 	stim5: name = 'stim5'
437.0054 	EXP 	stim3: pos = (-177.3, -177.3)
437.0054 	EXP 	stim6: name = 'stim6'
437.0054 	EXP 	stim1: pos = (0, -250.8)
437.0054 	EXP 	stim7: name = 'stim7'
437.0054 	EXP 	stim3: pos = (177.3, -177.3)
437.0054 	EXP 	stim8: name = 'stim8'
437.0054 	EXP 	ref: opacity = 1.0
437.0054 	EXP 	ref: color = '[1. 1. 1.] (rgb)'
437.0054 	EXP 	stim1: opacity = 1.0
437.0054 	EXP 	stim1: color = '[1. 1. 1.] (rgb)'
437.0054 	EXP 	stim2: opacity = 1.0
437.0054 	EXP 	stim2: color = '[1. 1. 1.] (rgb)'
437.0054 	EXP 	stim3: opacity = 1.0
437.0054 	EXP 	stim3: color = '[1. 1. 1.] (rgb)'
437.0054 	EXP 	stim4: opacity = 1.0
437.0054 	EXP 	stim4: color = '[1. 1. 1.] (rgb)'
437.0054 	EXP 	stim5: opacity = 1.0
437.0054 	EXP 	stim5: color = '[1. 1. 1.] (rgb)'
437.0054 	EXP 	stim6: opacity = 1.0
437.0054 	EXP 	stim6: color = '[1. 1. 1.] (rgb)'
437.0054 	EXP 	stim7: opacity = 1.0
437.0054 	EXP 	stim7: color = '[1. 1. 1.] (rgb)'
437.0054 	EXP 	stim8: opacity = 1.0
437.0054 	EXP 	stim8: color = '[1. 1. 1.] (rgb)'
437.0054 	EXP 	page_num: text = 21
437.0054 	EXP 	page_num: autoDraw = True
439.5842 	DATA 	Mouse: Left button down, pos=(952,469)
439.6016 	EXP 	stim1: opacity = 0.5
439.6016 	EXP 	stim1: color = '[0.136 0.14  0.141] (rgb)'
439.7122 	DATA 	Mouse:  Left button up, pos=(952,469)
444.3353 	DATA 	Mouse: Left button down, pos=(482,450)
444.3512 	EXP 	stim5: opacity = 0.5
444.3512 	EXP 	stim5: color = '[0.136 0.14  0.141] (rgb)'
444.5130 	DATA 	Mouse:  Left button up, pos=(482,450)
452.4982 	DATA 	Mouse: Left button down, pos=(727,205)
452.5145 	EXP 	stim7: opacity = 0.5
452.5145 	EXP 	stim7: color = '[0.136 0.14  0.141] (rgb)'
452.6374 	DATA 	Mouse:  Left button up, pos=(726,205)
453.2520 	DATA 	Mouse: Left button down, pos=(563,261)
453.2674 	EXP 	stim6: opacity = 0.5
453.2674 	EXP 	stim6: color = '[0.136 0.14  0.141] (rgb)'
453.4131 	DATA 	Mouse:  Left button up, pos=(563,261)
460.3178 	DATA 	Mouse: Left button down, pos=(910,623)
460.3527 	EXP 	stim2: opacity = 0.5
460.3527 	EXP 	stim2: color = '[0.136 0.14  0.141] (rgb)'
460.4963 	DATA 	Mouse:  Left button up, pos=(910,623)
462.2140 	DATA 	Mouse: Left button down, pos=(555,601)
462.2301 	EXP 	stim4: opacity = 0.5
462.2301 	EXP 	stim4: color = '[0.136 0.14  0.141] (rgb)'
462.3409 	DATA 	Mouse:  Left button up, pos=(562,586)
462.9148 	DATA 	Mouse: Left button down, pos=(893,289)
462.9318 	EXP 	stim8: opacity = 0.5
462.9318 	EXP 	stim8: color = '[0.136 0.14  0.141] (rgb)'
463.0031 	DATA 	Mouse:  Left button up, pos=(881,312)
463.5828 	DATA 	Mouse: Left button down, pos=(711,684)
463.5877 	EXP 	New trial (rep=0, index=21): OrderedDict([('ref', 'giraffe'), ('stim1', 'monkey'), ('stim2', 'goat'), ('stim3', 'bat'), ('stim4', 'crocodile'), ('stim5', 'duck'), ('stim6', 'turkey'), ('stim7', 'pigeon'), ('stim8', 'ladybug')])
463.8750 	DATA 	Mouse:  Left button up, pos=(720,450)
464.2395 	EXP 	stim3: opacity = 0.5
464.2395 	EXP 	stim3: color = '[0.136 0.14  0.141] (rgb)'
464.2395 	EXP 	page_num: autoDraw = False
464.2395 	EXP 	stim7: pos = (0, 0)
464.2395 	EXP 	ref: name = 'ref'
464.2395 	EXP 	stim1: pos = (250.8, 0)
464.2395 	EXP 	stim1: name = 'stim1'
464.2395 	EXP 	stim8: pos = (177.3, 177.3)
464.2395 	EXP 	stim2: name = 'stim2'
464.2395 	EXP 	stim7: pos = (0, 250.8)
464.2395 	EXP 	stim3: name = 'stim3'
464.2395 	EXP 	stim6: pos = (-177.3, 177.3)
464.2395 	EXP 	stim4: name = 'stim4'
464.2395 	EXP 	stim7: pos = (-250.8, 0)
464.2395 	EXP 	stim5: name = 'stim5'
464.2395 	EXP 	stim1: pos = (-177.3, -177.3)
464.2395 	EXP 	stim6: name = 'stim6'
464.2395 	EXP 	ref: pos = (0, -250.8)
464.2395 	EXP 	stim7: name = 'stim7'
464.2395 	EXP 	ref: pos = (177.3, -177.3)
464.2395 	EXP 	stim8: name = 'stim8'
464.2395 	EXP 	ref: opacity = 1.0
464.2395 	EXP 	ref: color = '[1. 1. 1.] (rgb)'
464.2395 	EXP 	stim1: opacity = 1.0
464.2395 	EXP 	stim1: color = '[1. 1. 1.] (rgb)'
464.2395 	EXP 	stim2: opacity = 1.0
464.2395 	EXP 	stim2: color = '[1. 1. 1.] (rgb)'
464.2395 	EXP 	stim3: opacity = 1.0
464.2395 	EXP 	stim3: color = '[1. 1. 1.] (rgb)'
464.2395 	EXP 	stim4: opacity = 1.0
464.2395 	EXP 	stim4: color = '[1. 1. 1.] (rgb)'
464.2395 	EXP 	stim5: opacity = 1.0
464.2395 	EXP 	stim5: color = '[1. 1. 1.] (rgb)'
464.2395 	EXP 	stim6: opacity = 1.0
464.2395 	EXP 	stim6: color = '[1. 1. 1.] (rgb)'
464.2395 	EXP 	stim7: opacity = 1.0
464.2395 	EXP 	stim7: color = '[1. 1. 1.] (rgb)'
464.2395 	EXP 	stim8: opacity = 1.0
464.2395 	EXP 	stim8: color = '[1. 1. 1.] (rgb)'
464.2395 	EXP 	page_num: text = 22
464.2395 	EXP 	page_num: autoDraw = True
464.4405 	DATA 	Keypress: escape
464.4977 	DEBUG 	Saving data for image_exp ExperimentHandler
464.5129 	INFO 	saved data to /Users/suniyya/Dropbox/Research/Thesis_Work/Psychophysics_Aim1/experiments/experiments/image_exp/data/S4_image_exp_2021_Oct_01_1518_responses.psydat
464.5153 	INFO 	saved data to '/Users/suniyya/Dropbox/Research/Thesis_Work/Psychophysics_Aim1/experiments/experiments/image_exp/data/S4_image_exp_2021_Oct_01_1518_responses.csv'
465.0703 	EXP 	window1: mouseVisible = True
465.0705 	DEBUG 	Saving data for image_exp ExperimentHandler
465.0733 	INFO 	saved data to /Users/suniyya/Dropbox/Research/Thesis_Work/Psychophysics_Aim1/experiments/experiments/image_exp/data/S4_image_exp_2021_Oct_01_1518.psydat
465.0767 	INFO 	saved data to '/Users/suniyya/Dropbox/Research/Thesis_Work/Psychophysics_Aim1/experiments/experiments/image_exp/data/S4_image_exp_2021_Oct_01_1518.csv'
